[ 2017-03-14T17:47:16+08:00 ] 192.168.0.105 /notice
INFO: [ app_init ] --START--
INFO: Run Behavior\BuildLiteBehavior [ RunTime:0.000000s ]
INFO: [ app_init ] --END-- [ RunTime:0.001000s ]
INFO: [ app_begin ] --START--
INFO: Run Behavior\ReadHtmlCacheBehavior [ RunTime:0.002000s ]
INFO: [ app_begin ] --END-- [ RunTime:0.002000s ]
SQL: SHOW COLUMNS FROM `atop_user` [ RunTime:0.0010s ]
SQL: SELECT `face`,`theme`,`state` FROM `atop_user` WHERE `id` = 1 LIMIT 1   [ RunTime:0.0010s ]
SQL: SHOW COLUMNS FROM `atop_notice` [ RunTime:0.0010s ]
SQL: SELECT * FROM `atop_notice` WHERE `who` = 1 AND `status` = 0 ORDER BY id DESC  [ RunTime:0.0010s ]
SQL: SELECT * FROM `atop_notice` WHERE `who` = 1 AND `status` = 1 ORDER BY id DESC  [ RunTime:0.0110s ]
INFO: [ view_parse ] --START--
INFO: [ template_filter ] --START--
INFO: Run Behavior\ContentReplaceBehavior [ RunTime:0.000000s ]
INFO: [ template_filter ] --END-- [ RunTime:0.001000s ]
INFO: Run Behavior\ParseTemplateBehavior [ RunTime:0.035002s ]
INFO: [ view_parse ] --END-- [ RunTime:0.035002s ]
INFO: [ view_filter ] --START--
INFO: Run Behavior\WriteHtmlCacheBehavior [ RunTime:0.002000s ]
INFO: [ view_filter ] --END-- [ RunTime:0.002000s ]
INFO: [ app_end ] --START--
INFO: Run Behavior\ShowPageTraceBehavior [ RunTime:0.002000s ]
INFO: [ app_end ] --END-- [ RunTime:0.002000s ]

[ 2017-03-14T17:47:16+08:00 ] 192.168.0.105 /index.php/Home/Notice/getNotice
INFO: [ app_init ] --START--
INFO: Run Behavior\BuildLiteBehavior [ RunTime:0.000000s ]
INFO: [ app_init ] --END-- [ RunTime:0.001000s ]
INFO: [ app_begin ] --START--
INFO: Run Behavior\ReadHtmlCacheBehavior [ RunTime:0.001001s ]
INFO: [ app_begin ] --END-- [ RunTime:0.001001s ]
SQL: SHOW COLUMNS FROM `atop_user` [ RunTime:0.0010s ]
SQL: SELECT `face`,`theme`,`state` FROM `atop_user` WHERE `id` = 1 LIMIT 1   [ RunTime:0.0010s ]
SQL: SHOW COLUMNS FROM `atop_notice` [ RunTime:0.0000s ]
SQL: SELECT COUNT(*) AS tp_count FROM `atop_notice` WHERE `who` = 1 AND `status` = 0 LIMIT 1   [ RunTime:0.0000s ]
INFO: [ app_end ] --START--
INFO: Run Behavior\ShowPageTraceBehavior [ RunTime:0.000000s ]
INFO: [ app_end ] --END-- [ RunTime:0.001000s ]

[ 2017-03-14T17:47:25+08:00 ] 192.168.0.105 /Center/face
INFO: [ app_init ] --START--
INFO: Run Behavior\BuildLiteBehavior [ RunTime:0.000000s ]
INFO: [ app_init ] --END-- [ RunTime:0.001000s ]
INFO: [ app_begin ] --START--
INFO: Run Behavior\ReadHtmlCacheBehavior [ RunTime:0.001000s ]
INFO: [ app_begin ] --END-- [ RunTime:0.001000s ]
SQL: SHOW COLUMNS FROM `atop_user` [ RunTime:0.0010s ]
SQL: SELECT `face`,`theme`,`state` FROM `atop_user` WHERE `id` = 1 LIMIT 1   [ RunTime:0.0000s ]
SQL: SELECT * FROM `atop_user` WHERE `id` = 1 LIMIT 1   [ RunTime:0.0000s ]
INFO: [ view_parse ] --START--
INFO: [ template_filter ] --START--
INFO: Run Behavior\ContentReplaceBehavior [ RunTime:0.001000s ]
INFO: [ template_filter ] --END-- [ RunTime:0.001000s ]
INFO: Run Behavior\ParseTemplateBehavior [ RunTime:0.092005s ]
INFO: [ view_parse ] --END-- [ RunTime:0.092005s ]
INFO: [ view_filter ] --START--
INFO: Run Behavior\WriteHtmlCacheBehavior [ RunTime:0.001000s ]
INFO: [ view_filter ] --END-- [ RunTime:0.001000s ]
INFO: [ app_end ] --START--
INFO: Run Behavior\ShowPageTraceBehavior [ RunTime:0.001000s ]
INFO: [ app_end ] --END-- [ RunTime:0.001000s ]

[ 2017-03-14T17:47:25+08:00 ] 192.168.0.105 /index.php/Home/Notice/getNotice
INFO: [ app_init ] --START--
INFO: Run Behavior\BuildLiteBehavior [ RunTime:0.000000s ]
INFO: [ app_init ] --END-- [ RunTime:0.001000s ]
INFO: [ app_begin ] --START--
INFO: Run Behavior\ReadHtmlCacheBehavior [ RunTime:0.001000s ]
INFO: [ app_begin ] --END-- [ RunTime:0.001000s ]
SQL: SHOW COLUMNS FROM `atop_user` [ RunTime:0.0010s ]
SQL: SELECT `face`,`theme`,`state` FROM `atop_user` WHERE `id` = 1 LIMIT 1   [ RunTime:0.0000s ]
SQL: SHOW COLUMNS FROM `atop_notice` [ RunTime:0.0000s ]
SQL: SELECT COUNT(*) AS tp_count FROM `atop_notice` WHERE `who` = 1 AND `status` = 0 LIMIT 1   [ RunTime:0.0000s ]
INFO: [ app_end ] --START--
INFO: Run Behavior\ShowPageTraceBehavior [ RunTime:0.001000s ]
INFO: [ app_end ] --END-- [ RunTime:0.001000s ]

[ 2017-03-14T17:47:27+08:00 ] 192.168.0.106 /index.php/Home/Notice/getNotice
INFO: [ app_init ] --START--
INFO: Run Behavior\BuildLiteBehavior [ RunTime:0.000000s ]
INFO: [ app_init ] --END-- [ RunTime:0.001000s ]
INFO: [ app_begin ] --START--
INFO: Run Behavior\ReadHtmlCacheBehavior [ RunTime:0.001000s ]
INFO: [ app_begin ] --END-- [ RunTime:0.001000s ]
SQL: SHOW COLUMNS FROM `atop_user` [ RunTime:0.0000s ]
SQL: SELECT `face`,`theme`,`state` FROM `atop_user` WHERE `id` = 70 LIMIT 1   [ RunTime:0.0000s ]
SQL: SHOW COLUMNS FROM `atop_auth_group_access` [ RunTime:0.0010s ]
SQL: SELECT `uid`,`group_id`,`title`,`rules` FROM atop_auth_group_access a INNER JOIN atop_auth_group g on a.group_id=g.id  WHERE ( a.uid='70' and g.status='1' )  [ RunTime:0.0000s ]
SQL: SHOW COLUMNS FROM `atop_auth_rule` [ RunTime:0.0000s ]
SQL: SELECT `condition`,`name` FROM `atop_auth_rule` WHERE `id` IN ('1','2','4','5','6','7','8','9','10','12','13') AND `type` = 1 AND `status` = 1  [ RunTime:0.0000s ]
SQL: SHOW COLUMNS FROM `atop_notice` [ RunTime:0.0000s ]
SQL: SELECT COUNT(*) AS tp_count FROM `atop_notice` WHERE `who` = 70 AND `status` = 0 LIMIT 1   [ RunTime:0.0000s ]
INFO: [ app_end ] --START--
INFO: Run Behavior\ShowPageTraceBehavior [ RunTime:0.001000s ]
INFO: [ app_end ] --END-- [ RunTime:0.001000s ]

[ 2017-03-14T17:47:36+08:00 ] 192.168.0.105 /index.php/Home/Center/uploadFace
INFO: [ app_init ] --START--
INFO: Run Behavior\BuildLiteBehavior [ RunTime:0.000000s ]
INFO: [ app_init ] --END-- [ RunTime:0.001000s ]
INFO: [ app_begin ] --START--
INFO: Run Behavior\ReadHtmlCacheBehavior [ RunTime:0.000000s ]
INFO: [ app_begin ] --END-- [ RunTime:0.001000s ]
SQL: SHOW COLUMNS FROM `atop_user` [ RunTime:0.0000s ]
SQL: SELECT `face`,`theme`,`state` FROM `atop_user` WHERE `id` = 1 LIMIT 1   [ RunTime:0.0000s ]
NOTIC: [2] call_user_func() expects parameter 1 to be a valid callback, no array or string given E:\work\atopOA\ThinkPHP\Library\Think\Upload.class.php 第 170 行.

[ 2017-03-14T17:47:40+08:00 ] 192.168.0.105 /index.php/Home/Center/cancelUploadFace
INFO: [ app_init ] --START--
INFO: Run Behavior\BuildLiteBehavior [ RunTime:0.000000s ]
INFO: [ app_init ] --END-- [ RunTime:0.001000s ]
INFO: [ app_begin ] --START--
INFO: Run Behavior\ReadHtmlCacheBehavior [ RunTime:0.000000s ]
INFO: [ app_begin ] --END-- [ RunTime:0.001000s ]
SQL: SHOW COLUMNS FROM `atop_user` [ RunTime:0.0010s ]
SQL: SELECT `face`,`theme`,`state` FROM `atop_user` WHERE `id` = 1 LIMIT 1   [ RunTime:0.0010s ]

[ 2017-03-14T17:47:43+08:00 ] 192.168.0.105 /Approval
INFO: [ app_init ] --START--
INFO: Run Behavior\BuildLiteBehavior [ RunTime:0.000000s ]
INFO: [ app_init ] --END-- [ RunTime:0.001000s ]
INFO: [ app_begin ] --START--
INFO: Run Behavior\ReadHtmlCacheBehavior [ RunTime:0.002000s ]
INFO: [ app_begin ] --END-- [ RunTime:0.002000s ]
SQL: SHOW COLUMNS FROM `atop_user` [ RunTime:0.0010s ]
SQL: SELECT `face`,`theme`,`state` FROM `atop_user` WHERE `id` = 1 LIMIT 1   [ RunTime:0.0010s ]
INFO: [ view_parse ] --START--
INFO: [ template_filter ] --START--
INFO: Run Behavior\ContentReplaceBehavior [ RunTime:0.000000s ]
INFO: [ template_filter ] --END-- [ RunTime:0.002000s ]
NOTIC: [8] Undefined variable: approval E:\work\atopOA\Atop\Runtime\Cache\Home\1fe31010f5cfd22f363907535d4d781d.php 第 140 行.
NOTIC: [8] Undefined variable: _empty E:\work\atopOA\Atop\Runtime\Cache\Home\1fe31010f5cfd22f363907535d4d781d.php 第 153 行.
NOTIC: [8] Undefined variable: pagetotal E:\work\atopOA\Atop\Runtime\Cache\Home\1fe31010f5cfd22f363907535d4d781d.php 第 155 行.
NOTIC: [8] Undefined variable: likedata E:\work\atopOA\Atop\Runtime\Cache\Home\1fe31010f5cfd22f363907535d4d781d.php 第 171 行.
NOTIC: [8] Undefined variable: _empty E:\work\atopOA\Atop\Runtime\Cache\Home\1fe31010f5cfd22f363907535d4d781d.php 第 184 行.
NOTIC: [8] Undefined variable: page_approval_total E:\work\atopOA\Atop\Runtime\Cache\Home\1fe31010f5cfd22f363907535d4d781d.php 第 186 行.
INFO: Run Behavior\ParseTemplateBehavior [ RunTime:0.075004s ]
INFO: [ view_parse ] --END-- [ RunTime:0.076005s ]
INFO: [ view_filter ] --START--
INFO: Run Behavior\WriteHtmlCacheBehavior [ RunTime:0.002000s ]
INFO: [ view_filter ] --END-- [ RunTime:0.002000s ]
INFO: [ app_end ] --START--
INFO: Run Behavior\ShowPageTraceBehavior [ RunTime:0.002000s ]
INFO: [ app_end ] --END-- [ RunTime:0.002000s ]

[ 2017-03-14T17:47:43+08:00 ] 192.168.0.105 /index.php/Home/Notice/getNotice
INFO: [ app_init ] --START--
INFO: Run Behavior\BuildLiteBehavior [ RunTime:0.000000s ]
INFO: [ app_init ] --END-- [ RunTime:0.000000s ]
INFO: [ app_begin ] --START--
INFO: Run Behavior\ReadHtmlCacheBehavior [ RunTime:0.001000s ]
INFO: [ app_begin ] --END-- [ RunTime:0.001000s ]
SQL: SHOW COLUMNS FROM `atop_user` [ RunTime:0.0010s ]
SQL: SELECT `face`,`theme`,`state` FROM `atop_user` WHERE `id` = 1 LIMIT 1   [ RunTime:0.0000s ]
SQL: SHOW COLUMNS FROM `atop_notice` [ RunTime:0.0010s ]
SQL: SELECT COUNT(*) AS tp_count FROM `atop_notice` WHERE `who` = 1 AND `status` = 0 LIMIT 1   [ RunTime:0.0000s ]
INFO: [ app_end ] --START--
INFO: Run Behavior\ShowPageTraceBehavior [ RunTime:0.001000s ]
INFO: [ app_end ] --END-- [ RunTime:0.001000s ]

[ 2017-03-14T17:47:47+08:00 ] 192.168.0.105 /DCC
INFO: [ app_init ] --START--
INFO: Run Behavior\BuildLiteBehavior [ RunTime:0.000000s ]
INFO: [ app_init ] --END-- [ RunTime:0.001000s ]
INFO: [ app_begin ] --START--
INFO: Run Behavior\ReadHtmlCacheBehavior [ RunTime:0.000000s ]
INFO: [ app_begin ] --END-- [ RunTime:0.000000s ]
SQL: SHOW COLUMNS FROM `atop_user` [ RunTime:0.0000s ]
SQL: SELECT `face`,`theme`,`state` FROM `atop_user` WHERE `id` = 1 LIMIT 1   [ RunTime:0.0000s ]
SQL: SELECT * FROM `atop_user` WHERE `id` = 1 LIMIT 1   [ RunTime:0.0000s ]
NOTIC: [8] Undefined variable: folders_public E:\work\atopOA\Atop\Home\Controller\DCCController.class.php 第 51 行.
NOTIC: [8] Undefined variable: folders_private E:\work\atopOA\Atop\Home\Controller\DCCController.class.php 第 59 行.
INFO: [ view_parse ] --START--
INFO: [ template_filter ] --START--
INFO: Run Behavior\ContentReplaceBehavior [ RunTime:0.000000s ]
INFO: [ template_filter ] --END-- [ RunTime:0.001000s ]
NOTIC: [8] Undefined variable: path E:\work\atopOA\Atop\Runtime\Cache\Home\30cc1d65b78165904b2dbeecd68b15cf.php 第 260 行.
INFO: Run Behavior\ParseTemplateBehavior [ RunTime:0.039002s ]
INFO: [ view_parse ] --END-- [ RunTime:0.039002s ]
INFO: [ view_filter ] --START--
INFO: Run Behavior\WriteHtmlCacheBehavior [ RunTime:0.001000s ]
INFO: [ view_filter ] --END-- [ RunTime:0.001000s ]
INFO: [ app_end ] --START--
INFO: Run Behavior\ShowPageTraceBehavior [ RunTime:0.001000s ]
INFO: [ app_end ] --END-- [ RunTime:0.001000s ]

[ 2017-03-14T17:47:48+08:00 ] 192.168.0.105 /index.php/Home/Notice/getNotice
INFO: [ app_init ] --START--
INFO: Run Behavior\BuildLiteBehavior [ RunTime:0.000000s ]
INFO: [ app_init ] --END-- [ RunTime:0.000000s ]
INFO: [ app_begin ] --START--
INFO: Run Behavior\ReadHtmlCacheBehavior [ RunTime:0.001000s ]
INFO: [ app_begin ] --END-- [ RunTime:0.001000s ]
SQL: SHOW COLUMNS FROM `atop_user` [ RunTime:0.0010s ]
SQL: SELECT `face`,`theme`,`state` FROM `atop_user` WHERE `id` = 1 LIMIT 1   [ RunTime:0.0000s ]
SQL: SHOW COLUMNS FROM `atop_notice` [ RunTime:0.0000s ]
SQL: SELECT COUNT(*) AS tp_count FROM `atop_notice` WHERE `who` = 1 AND `status` = 0 LIMIT 1   [ RunTime:0.0000s ]
INFO: [ app_end ] --START--
INFO: Run Behavior\ShowPageTraceBehavior [ RunTime:0.000000s ]
INFO: [ app_end ] --END-- [ RunTime:0.000000s ]

[ 2017-03-14T17:47:52+08:00 ] 192.168.0.105 /Acronym
INFO: [ app_init ] --START--
INFO: Run Behavior\BuildLiteBehavior [ RunTime:0.000000s ]
INFO: [ app_init ] --END-- [ RunTime:0.001000s ]
INFO: [ app_begin ] --START--
INFO: Run Behavior\ReadHtmlCacheBehavior [ RunTime:0.001000s ]
INFO: [ app_begin ] --END-- [ RunTime:0.001000s ]
SQL: SHOW COLUMNS FROM `atop_user` [ RunTime:0.0010s ]
SQL: SELECT `face`,`theme`,`state` FROM `atop_user` WHERE `id` = 1 LIMIT 1   [ RunTime:0.0000s ]
SQL: SHOW COLUMNS FROM `atop_acronym` [ RunTime:0.2310s ]
SQL: SELECT * FROM `atop_acronym` GROUP BY acronym ORDER BY acronym ASC  [ RunTime:0.1300s ]
SQL: SHOW COLUMNS FROM `atop_user` [ RunTime:0.0020s ]
SQL: SELECT * FROM `atop_user` WHERE ( 1=1 AND id='1' ) LIMIT 1   [ RunTime:0.0000s ]
SQL: SELECT * FROM `atop_user` WHERE ( 1=1 AND id='1' ) LIMIT 1   [ RunTime:0.0070s ]
SQL: SELECT * FROM `atop_user` WHERE ( 1=1 AND id='1' ) LIMIT 1   [ RunTime:0.0010s ]
SQL: SELECT * FROM `atop_user` WHERE ( 1=1 AND id='1' ) LIMIT 1   [ RunTime:0.0010s ]
SQL: SELECT * FROM `atop_user` WHERE ( 1=1 AND id='1' ) LIMIT 1   [ RunTime:0.0010s ]
SQL: SELECT * FROM `atop_user` WHERE ( 1=1 AND id='1' ) LIMIT 1   [ RunTime:0.0000s ]
SQL: SELECT * FROM `atop_user` WHERE ( 1=1 AND id='1' ) LIMIT 1   [ RunTime:0.0010s ]
SQL: SELECT * FROM `atop_user` WHERE ( 1=1 AND id='1' ) LIMIT 1   [ RunTime:0.0010s ]
SQL: SELECT * FROM `atop_user` WHERE ( 1=1 AND id='1' ) LIMIT 1   [ RunTime:0.0000s ]
SQL: SELECT * FROM `atop_user` WHERE ( 1=1 AND id='1' ) LIMIT 1   [ RunTime:0.0010s ]
SQL: SELECT * FROM `atop_user` WHERE ( 1=1 AND id='1' ) LIMIT 1   [ RunTime:0.0010s ]
SQL: SELECT * FROM `atop_user` WHERE ( 1=1 AND id='1' ) LIMIT 1   [ RunTime:0.0000s ]
SQL: SELECT * FROM `atop_user` WHERE ( 1=1 AND id='1' ) LIMIT 1   [ RunTime:0.0000s ]
SQL: SELECT * FROM `atop_user` WHERE ( 1=1 AND id='1' ) LIMIT 1   [ RunTime:0.0000s ]
SQL: SELECT * FROM `atop_user` WHERE ( 1=1 AND id='1' ) LIMIT 1   [ RunTime:0.0000s ]
SQL: SELECT * FROM `atop_user` WHERE ( 1=1 AND id='1' ) LIMIT 1   [ RunTime:0.0000s ]
SQL: SELECT * FROM `atop_user` WHERE ( 1=1 AND id='1' ) LIMIT 1   [ RunTime:0.0000s ]
SQL: SELECT * FROM `atop_user` WHERE ( 1=1 AND id='1' ) LIMIT 1   [ RunTime:0.0000s ]
SQL: SELECT * FROM `atop_user` WHERE ( 1=1 AND id='1' ) LIMIT 1   [ RunTime:0.0000s ]
SQL: SELECT * FROM `atop_user` WHERE ( 1=1 AND id='1' ) LIMIT 1   [ RunTime:0.0000s ]
SQL: SELECT * FROM `atop_user` WHERE ( 1=1 AND id='1' ) LIMIT 1   [ RunTime:0.0000s ]
SQL: SELECT * FROM `atop_user` WHERE ( 1=1 AND id='1' ) LIMIT 1   [ RunTime:0.0000s ]
SQL: SELECT * FROM `atop_user` WHERE ( 1=1 AND id='1' ) LIMIT 1   [ RunTime:0.0000s ]
SQL: SELECT * FROM `atop_user` WHERE ( 1=1 AND id='1' ) LIMIT 1   [ RunTime:0.0000s ]
SQL: SELECT * FROM `atop_user` WHERE ( 1=1 AND id='1' ) LIMIT 1   [ RunTime:0.0000s ]
SQL: SELECT * FROM `atop_user` WHERE ( 1=1 AND id='1' ) LIMIT 1   [ RunTime:0.0000s ]
SQL: SELECT * FROM `atop_user` WHERE ( 1=1 AND id='1' ) LIMIT 1   [ RunTime:0.0000s ]
SQL: SELECT * FROM `atop_user` WHERE ( 1=1 AND id='1' ) LIMIT 1   [ RunTime:0.0000s ]
SQL: SELECT * FROM `atop_user` WHERE ( 1=1 AND id='1' ) LIMIT 1   [ RunTime:0.0000s ]
SQL: SELECT * FROM `atop_user` WHERE ( 1=1 AND id='1' ) LIMIT 1   [ RunTime:0.0000s ]
SQL: SELECT * FROM `atop_user` WHERE ( 1=1 AND id='1' ) LIMIT 1   [ RunTime:0.0000s ]
SQL: SELECT * FROM `atop_user` WHERE ( 1=1 AND id='1' ) LIMIT 1   [ RunTime:0.0000s ]
SQL: SELECT * FROM `atop_user` WHERE ( 1=1 AND id='1' ) LIMIT 1   [ RunTime:0.0000s ]
SQL: SELECT * FROM `atop_user` WHERE ( 1=1 AND id='1' ) LIMIT 1   [ RunTime:0.0000s ]
SQL: SELECT * FROM `atop_user` WHERE ( 1=1 AND id='1' ) LIMIT 1   [ RunTime:0.0000s ]
SQL: SELECT * FROM `atop_user` WHERE ( 1=1 AND id='1' ) LIMIT 1   [ RunTime:0.0000s ]
SQL: SELECT * FROM `atop_user` WHERE ( 1=1 AND id='1' ) LIMIT 1   [ RunTime:0.0000s ]
SQL: SELECT * FROM `atop_user` WHERE ( 1=1 AND id='1' ) LIMIT 1   [ RunTime:0.0000s ]
SQL: SELECT * FROM `atop_user` WHERE ( 1=1 AND id='1' ) LIMIT 1   [ RunTime:0.0000s ]
SQL: SELECT * FROM `atop_user` WHERE ( 1=1 AND id='1' ) LIMIT 1   [ RunTime:0.0000s ]
SQL: SELECT * FROM `atop_user` WHERE ( 1=1 AND id='1' ) LIMIT 1   [ RunTime:0.0000s ]
SQL: SELECT * FROM `atop_user` WHERE ( 1=1 AND id='1' ) LIMIT 1   [ RunTime:0.0000s ]
SQL: SELECT * FROM `atop_user` WHERE ( 1=1 AND id='1' ) LIMIT 1   [ RunTime:0.0000s ]
SQL: SELECT * FROM `atop_user` WHERE ( 1=1 AND id='1' ) LIMIT 1   [ RunTime:0.0000s ]
SQL: SELECT * FROM `atop_user` WHERE ( 1=1 AND id='1' ) LIMIT 1   [ RunTime:0.0010s ]
SQL: SELECT * FROM `atop_user` WHERE ( 1=1 AND id='1' ) LIMIT 1   [ RunTime:0.0000s ]
SQL: SELECT * FROM `atop_user` WHERE ( 1=1 AND id='1' ) LIMIT 1   [ RunTime:0.0000s ]
SQL: SELECT * FROM `atop_user` WHERE ( 1=1 AND id='1' ) LIMIT 1   [ RunTime:0.0000s ]
SQL: SELECT * FROM `atop_user` WHERE ( 1=1 AND id='1' ) LIMIT 1   [ RunTime:0.0000s ]
SQL: SELECT * FROM `atop_user` WHERE ( 1=1 AND id='1' ) LIMIT 1   [ RunTime:0.0010s ]
SQL: SELECT * FROM `atop_user` WHERE ( 1=1 AND id='1' ) LIMIT 1   [ RunTime:0.0000s ]
SQL: SELECT * FROM `atop_user` WHERE ( 1=1 AND id='1' ) LIMIT 1   [ RunTime:0.0000s ]
SQL: SELECT * FROM `atop_user` WHERE ( 1=1 AND id='1' ) LIMIT 1   [ RunTime:0.0000s ]
SQL: SELECT * FROM `atop_user` WHERE ( 1=1 AND id='1' ) LIMIT 1   [ RunTime:0.0000s ]
SQL: SELECT * FROM `atop_user` WHERE ( 1=1 AND id='1' ) LIMIT 1   [ RunTime:0.0000s ]
SQL: SELECT * FROM `atop_user` WHERE ( 1=1 AND id='1' ) LIMIT 1   [ RunTime:0.0000s ]
SQL: SELECT * FROM `atop_user` WHERE ( 1=1 AND id='1' ) LIMIT 1   [ RunTime:0.0010s ]
SQL: SELECT * FROM `atop_user` WHERE ( 1=1 AND id='1' ) LIMIT 1   [ RunTime:0.0000s ]
SQL: SELECT * FROM `atop_user` WHERE ( 1=1 AND id='1' ) LIMIT 1   [ RunTime:0.0000s ]
SQL: SELECT * FROM `atop_user` WHERE ( 1=1 AND id='1' ) LIMIT 1   [ RunTime:0.0010s ]
SQL: SELECT * FROM `atop_user` WHERE ( 1=1 AND id='1' ) LIMIT 1   [ RunTime:0.0000s ]
SQL: SELECT * FROM `atop_user` WHERE ( 1=1 AND id='1' ) LIMIT 1   [ RunTime:0.0000s ]
SQL: SELECT * FROM `atop_user` WHERE ( 1=1 AND id='1' ) LIMIT 1   [ RunTime:0.0000s ]
SQL: SELECT * FROM `atop_user` WHERE ( 1=1 AND id='1' ) LIMIT 1   [ RunTime:0.0000s ]
SQL: SELECT * FROM `atop_user` WHERE ( 1=1 AND id='1' ) LIMIT 1   [ RunTime:0.0000s ]
SQL: SELECT * FROM `atop_user` WHERE ( 1=1 AND id='1' ) LIMIT 1   [ RunTime:0.0000s ]
SQL: SELECT * FROM `atop_user` WHERE ( 1=1 AND id='1' ) LIMIT 1   [ RunTime:0.0000s ]
SQL: SELECT * FROM `atop_user` WHERE ( 1=1 AND id='1' ) LIMIT 1   [ RunTime:0.0000s ]
SQL: SELECT * FROM `atop_user` WHERE ( 1=1 AND id='1' ) LIMIT 1   [ RunTime:0.0000s ]
SQL: SELECT * FROM `atop_user` WHERE ( 1=1 AND id='1' ) LIMIT 1   [ RunTime:0.0000s ]
SQL: SELECT * FROM `atop_user` WHERE ( 1=1 AND id='1' ) LIMIT 1   [ RunTime:0.0000s ]
SQL: SELECT * FROM `atop_user` WHERE ( 1=1 AND id='1' ) LIMIT 1   [ RunTime:0.0010s ]
SQL: SELECT * FROM `atop_user` WHERE ( 1=1 AND id='1' ) LIMIT 1   [ RunTime:0.0000s ]
SQL: SELECT * FROM `atop_user` WHERE ( 1=1 AND id='1' ) LIMIT 1   [ RunTime:0.0010s ]
SQL: SELECT * FROM `atop_user` WHERE ( 1=1 AND id='1' ) LIMIT 1   [ RunTime:0.0000s ]
SQL: SELECT * FROM `atop_user` WHERE ( 1=1 AND id='1' ) LIMIT 1   [ RunTime:0.0000s ]
SQL: SELECT * FROM `atop_user` WHERE ( 1=1 AND id='1' ) LIMIT 1   [ RunTime:0.0000s ]
SQL: SELECT * FROM `atop_user` WHERE ( 1=1 AND id='1' ) LIMIT 1   [ RunTime:0.0000s ]
SQL: SELECT * FROM `atop_user` WHERE ( 1=1 AND id='1' ) LIMIT 1   [ RunTime:0.0010s ]
SQL: SELECT * FROM `atop_user` WHERE ( 1=1 AND id='1' ) LIMIT 1   [ RunTime:0.0000s ]
SQL: SELECT * FROM `atop_user` WHERE ( 1=1 AND id='1' ) LIMIT 1   [ RunTime:0.0000s ]
SQL: SELECT * FROM `atop_user` WHERE ( 1=1 AND id='1' ) LIMIT 1   [ RunTime:0.0000s ]
SQL: SELECT * FROM `atop_user` WHERE ( 1=1 AND id='1' ) LIMIT 1   [ RunTime:0.0000s ]
SQL: SELECT * FROM `atop_user` WHERE ( 1=1 AND id='1' ) LIMIT 1   [ RunTime:0.0000s ]
SQL: SELECT * FROM `atop_user` WHERE ( 1=1 AND id='1' ) LIMIT 1   [ RunTime:0.0000s ]
SQL: SELECT * FROM `atop_user` WHERE ( 1=1 AND id='1' ) LIMIT 1   [ RunTime:0.0000s ]
SQL: SELECT * FROM `atop_user` WHERE ( 1=1 AND id='1' ) LIMIT 1   [ RunTime:0.0000s ]
SQL: SELECT * FROM `atop_user` WHERE ( 1=1 AND id='1' ) LIMIT 1   [ RunTime:0.0000s ]
SQL: SELECT * FROM `atop_user` WHERE ( 1=1 AND id='1' ) LIMIT 1   [ RunTime:0.0010s ]
SQL: SELECT * FROM `atop_user` WHERE ( 1=1 AND id='1' ) LIMIT 1   [ RunTime:0.0000s ]
SQL: SELECT * FROM `atop_user` WHERE ( 1=1 AND id='1' ) LIMIT 1   [ RunTime:0.0010s ]
SQL: SELECT * FROM `atop_user` WHERE ( 1=1 AND id='1' ) LIMIT 1   [ RunTime:0.0000s ]
SQL: SELECT * FROM `atop_user` WHERE ( 1=1 AND id='1' ) LIMIT 1   [ RunTime:0.0000s ]
SQL: SELECT * FROM `atop_user` WHERE ( 1=1 AND id='1' ) LIMIT 1   [ RunTime:0.0000s ]
SQL: SELECT * FROM `atop_user` WHERE ( 1=1 AND id='1' ) LIMIT 1   [ RunTime:0.0000s ]
SQL: SELECT * FROM `atop_user` WHERE ( 1=1 AND id='1' ) LIMIT 1   [ RunTime:0.0000s ]
SQL: SELECT * FROM `atop_user` WHERE ( 1=1 AND id='1' ) LIMIT 1   [ RunTime:0.0000s ]
SQL: SELECT * FROM `atop_user` WHERE ( 1=1 AND id='1' ) LIMIT 1   [ RunTime:0.0000s ]
SQL: SELECT * FROM `atop_user` WHERE ( 1=1 AND id='1' ) LIMIT 1   [ RunTime:0.0000s ]
SQL: SELECT * FROM `atop_user` WHERE ( 1=1 AND id='1' ) LIMIT 1   [ RunTime:0.0000s ]
SQL: SELECT * FROM `atop_user` WHERE ( 1=1 AND id='1' ) LIMIT 1   [ RunTime:0.0000s ]
SQL: SELECT * FROM `atop_user` WHERE ( 1=1 AND id='1' ) LIMIT 1   [ RunTime:0.0000s ]
SQL: SELECT * FROM `atop_user` WHERE ( 1=1 AND id='1' ) LIMIT 1   [ RunTime:0.0000s ]
SQL: SELECT * FROM `atop_user` WHERE ( 1=1 AND id='1' ) LIMIT 1   [ RunTime:0.0000s ]
SQL: SELECT * FROM `atop_user` WHERE ( 1=1 AND id='1' ) LIMIT 1   [ RunTime:0.0000s ]
SQL: SELECT * FROM `atop_user` WHERE ( 1=1 AND id='1' ) LIMIT 1   [ RunTime:0.0000s ]
SQL: SELECT * FROM `atop_user` WHERE ( 1=1 AND id='1' ) LIMIT 1   [ RunTime:0.0010s ]
SQL: SELECT * FROM `atop_user` WHERE ( 1=1 AND id='1' ) LIMIT 1   [ RunTime:0.0000s ]
SQL: SELECT * FROM `atop_user` WHERE ( 1=1 AND id='1' ) LIMIT 1   [ RunTime:0.0000s ]
SQL: SELECT * FROM `atop_user` WHERE ( 1=1 AND id='1' ) LIMIT 1   [ RunTime:0.0000s ]
SQL: SELECT * FROM `atop_user` WHERE ( 1=1 AND id='1' ) LIMIT 1   [ RunTime:0.0000s ]
SQL: SELECT * FROM `atop_user` WHERE ( 1=1 AND id='1' ) LIMIT 1   [ RunTime:0.0000s ]
INFO: [ view_parse ] --START--
INFO: [ template_filter ] --START--
INFO: Run Behavior\ContentReplaceBehavior [ RunTime:0.000000s ]
INFO: [ template_filter ] --END-- [ RunTime:0.000000s ]
INFO: Run Behavior\ParseTemplateBehavior [ RunTime:0.051003s ]
INFO: [ view_parse ] --END-- [ RunTime:0.051003s ]
INFO: [ view_filter ] --START--
INFO: Run Behavior\WriteHtmlCacheBehavior [ RunTime:0.000000s ]
INFO: [ view_filter ] --END-- [ RunTime:0.000000s ]
INFO: [ app_end ] --START--
INFO: Run Behavior\ShowPageTraceBehavior [ RunTime:0.000000s ]
INFO: [ app_end ] --END-- [ RunTime:0.000000s ]

[ 2017-03-14T17:47:52+08:00 ] 192.168.0.105 /index.php/Home/Notice/getNotice
INFO: [ app_init ] --START--
INFO: Run Behavior\BuildLiteBehavior [ RunTime:0.000000s ]
INFO: [ app_init ] --END-- [ RunTime:0.001000s ]
INFO: [ app_begin ] --START--
INFO: Run Behavior\ReadHtmlCacheBehavior [ RunTime:0.002000s ]
INFO: [ app_begin ] --END-- [ RunTime:0.002000s ]
SQL: SHOW COLUMNS FROM `atop_user` [ RunTime:0.0010s ]
SQL: SELECT `face`,`theme`,`state` FROM `atop_user` WHERE `id` = 1 LIMIT 1   [ RunTime:0.0010s ]
SQL: SHOW COLUMNS FROM `atop_notice` [ RunTime:0.0010s ]
SQL: SELECT COUNT(*) AS tp_count FROM `atop_notice` WHERE `who` = 1 AND `status` = 0 LIMIT 1   [ RunTime:0.0010s ]
INFO: [ app_end ] --START--
INFO: Run Behavior\ShowPageTraceBehavior [ RunTime:0.001000s ]
INFO: [ app_end ] --END-- [ RunTime:0.001000s ]

[ 2017-03-14T17:48:04+08:00 ] 192.168.0.105 /Acronym/details/id/112
INFO: [ app_init ] --START--
INFO: Run Behavior\BuildLiteBehavior [ RunTime:0.000000s ]
INFO: [ app_init ] --END-- [ RunTime:0.001000s ]
INFO: [ app_begin ] --START--
INFO: Run Behavior\ReadHtmlCacheBehavior [ RunTime:0.001000s ]
INFO: [ app_begin ] --END-- [ RunTime:0.001000s ]
SQL: SHOW COLUMNS FROM `atop_user` [ RunTime:0.0010s ]
SQL: SELECT `face`,`theme`,`state` FROM `atop_user` WHERE `id` = 1 LIMIT 1   [ RunTime:0.0000s ]
SQL: SHOW COLUMNS FROM `atop_acronym` [ RunTime:0.0190s ]
SQL: SELECT * FROM `atop_acronym` WHERE `id` = 112 LIMIT 1   [ RunTime:0.0120s ]
SQL: SHOW COLUMNS FROM `atop_user` [ RunTime:0.0000s ]
SQL: SELECT * FROM `atop_user` WHERE ( 1=1 AND id='1' ) LIMIT 1   [ RunTime:0.0000s ]
SQL: SELECT * FROM `atop_acronym` WHERE ( acronym='CXP' )  [ RunTime:0.0140s ]
INFO: [ view_parse ] --START--
INFO: [ template_filter ] --START--
INFO: Run Behavior\ContentReplaceBehavior [ RunTime:0.000000s ]
INFO: [ template_filter ] --END-- [ RunTime:0.000000s ]
INFO: Run Behavior\ParseTemplateBehavior [ RunTime:0.030002s ]
INFO: [ view_parse ] --END-- [ RunTime:0.030002s ]
INFO: [ view_filter ] --START--
INFO: Run Behavior\WriteHtmlCacheBehavior [ RunTime:0.001000s ]
INFO: [ view_filter ] --END-- [ RunTime:0.001000s ]
INFO: [ app_end ] --START--
INFO: Run Behavior\ShowPageTraceBehavior [ RunTime:0.001000s ]
INFO: [ app_end ] --END-- [ RunTime:0.001000s ]

[ 2017-03-14T17:48:04+08:00 ] 192.168.0.105 /index.php/Home/Notice/getNotice
INFO: [ app_init ] --START--
INFO: Run Behavior\BuildLiteBehavior [ RunTime:0.000000s ]
INFO: [ app_init ] --END-- [ RunTime:0.000000s ]
INFO: [ app_begin ] --START--
INFO: Run Behavior\ReadHtmlCacheBehavior [ RunTime:0.000000s ]
INFO: [ app_begin ] --END-- [ RunTime:0.001000s ]
SQL: SHOW COLUMNS FROM `atop_user` [ RunTime:0.0010s ]
SQL: SELECT `face`,`theme`,`state` FROM `atop_user` WHERE `id` = 1 LIMIT 1   [ RunTime:0.0010s ]
SQL: SHOW COLUMNS FROM `atop_notice` [ RunTime:0.0010s ]
SQL: SELECT COUNT(*) AS tp_count FROM `atop_notice` WHERE `who` = 1 AND `status` = 0 LIMIT 1   [ RunTime:0.0000s ]
INFO: [ app_end ] --START--
INFO: Run Behavior\ShowPageTraceBehavior [ RunTime:0.001000s ]
INFO: [ app_end ] --END-- [ RunTime:0.001000s ]

[ 2017-03-14T17:48:06+08:00 ] 192.168.0.105 /Acronym
INFO: [ app_init ] --START--
INFO: Run Behavior\BuildLiteBehavior [ RunTime:0.000000s ]
INFO: [ app_init ] --END-- [ RunTime:0.000000s ]
INFO: [ app_begin ] --START--
INFO: Run Behavior\ReadHtmlCacheBehavior [ RunTime:0.000000s ]
INFO: [ app_begin ] --END-- [ RunTime:0.001000s ]
SQL: SHOW COLUMNS FROM `atop_user` [ RunTime:0.0010s ]
SQL: SELECT `face`,`theme`,`state` FROM `atop_user` WHERE `id` = 1 LIMIT 1   [ RunTime:0.0000s ]
SQL: SHOW COLUMNS FROM `atop_acronym` [ RunTime:0.0120s ]
SQL: SELECT * FROM `atop_acronym` GROUP BY acronym ORDER BY acronym ASC  [ RunTime:0.0020s ]
SQL: SHOW COLUMNS FROM `atop_user` [ RunTime:0.0010s ]
SQL: SELECT * FROM `atop_user` WHERE ( 1=1 AND id='1' ) LIMIT 1   [ RunTime:0.0000s ]
SQL: SELECT * FROM `atop_user` WHERE ( 1=1 AND id='1' ) LIMIT 1   [ RunTime:0.0070s ]
SQL: SELECT * FROM `atop_user` WHERE ( 1=1 AND id='1' ) LIMIT 1   [ RunTime:0.0000s ]
SQL: SELECT * FROM `atop_user` WHERE ( 1=1 AND id='1' ) LIMIT 1   [ RunTime:0.0000s ]
SQL: SELECT * FROM `atop_user` WHERE ( 1=1 AND id='1' ) LIMIT 1   [ RunTime:0.0000s ]
SQL: SELECT * FROM `atop_user` WHERE ( 1=1 AND id='1' ) LIMIT 1   [ RunTime:0.0000s ]
SQL: SELECT * FROM `atop_user` WHERE ( 1=1 AND id='1' ) LIMIT 1   [ RunTime:0.0010s ]
SQL: SELECT * FROM `atop_user` WHERE ( 1=1 AND id='1' ) LIMIT 1   [ RunTime:0.0010s ]
SQL: SELECT * FROM `atop_user` WHERE ( 1=1 AND id='1' ) LIMIT 1   [ RunTime:0.0010s ]
SQL: SELECT * FROM `atop_user` WHERE ( 1=1 AND id='1' ) LIMIT 1   [ RunTime:0.0010s ]
SQL: SELECT * FROM `atop_user` WHERE ( 1=1 AND id='1' ) LIMIT 1   [ RunTime:0.0010s ]
SQL: SELECT * FROM `atop_user` WHERE ( 1=1 AND id='1' ) LIMIT 1   [ RunTime:0.0000s ]
SQL: SELECT * FROM `atop_user` WHERE ( 1=1 AND id='1' ) LIMIT 1   [ RunTime:0.0000s ]
SQL: SELECT * FROM `atop_user` WHERE ( 1=1 AND id='1' ) LIMIT 1   [ RunTime:0.0000s ]
SQL: SELECT * FROM `atop_user` WHERE ( 1=1 AND id='1' ) LIMIT 1   [ RunTime:0.0000s ]
SQL: SELECT * FROM `atop_user` WHERE ( 1=1 AND id='1' ) LIMIT 1   [ RunTime:0.0000s ]
SQL: SELECT * FROM `atop_user` WHERE ( 1=1 AND id='1' ) LIMIT 1   [ RunTime:0.0000s ]
SQL: SELECT * FROM `atop_user` WHERE ( 1=1 AND id='1' ) LIMIT 1   [ RunTime:0.0000s ]
SQL: SELECT * FROM `atop_user` WHERE ( 1=1 AND id='1' ) LIMIT 1   [ RunTime:0.0000s ]
SQL: SELECT * FROM `atop_user` WHERE ( 1=1 AND id='1' ) LIMIT 1   [ RunTime:0.0010s ]
SQL: SELECT * FROM `atop_user` WHERE ( 1=1 AND id='1' ) LIMIT 1   [ RunTime:0.0010s ]
SQL: SELECT * FROM `atop_user` WHERE ( 1=1 AND id='1' ) LIMIT 1   [ RunTime:0.0010s ]
SQL: SELECT * FROM `atop_user` WHERE ( 1=1 AND id='1' ) LIMIT 1   [ RunTime:0.0000s ]
SQL: SELECT * FROM `atop_user` WHERE ( 1=1 AND id='1' ) LIMIT 1   [ RunTime:0.0000s ]
SQL: SELECT * FROM `atop_user` WHERE ( 1=1 AND id='1' ) LIMIT 1   [ RunTime:0.0000s ]
SQL: SELECT * FROM `atop_user` WHERE ( 1=1 AND id='1' ) LIMIT 1   [ RunTime:0.0000s ]
SQL: SELECT * FROM `atop_user` WHERE ( 1=1 AND id='1' ) LIMIT 1   [ RunTime:0.0000s ]
SQL: SELECT * FROM `atop_user` WHERE ( 1=1 AND id='1' ) LIMIT 1   [ RunTime:0.0000s ]
SQL: SELECT * FROM `atop_user` WHERE ( 1=1 AND id='1' ) LIMIT 1   [ RunTime:0.0000s ]
SQL: SELECT * FROM `atop_user` WHERE ( 1=1 AND id='1' ) LIMIT 1   [ RunTime:0.0010s ]
SQL: SELECT * FROM `atop_user` WHERE ( 1=1 AND id='1' ) LIMIT 1   [ RunTime:0.0000s ]
SQL: SELECT * FROM `atop_user` WHERE ( 1=1 AND id='1' ) LIMIT 1   [ RunTime:0.0000s ]
SQL: SELECT * FROM `atop_user` WHERE ( 1=1 AND id='1' ) LIMIT 1   [ RunTime:0.0000s ]
SQL: SELECT * FROM `atop_user` WHERE ( 1=1 AND id='1' ) LIMIT 1   [ RunTime:0.0000s ]
SQL: SELECT * FROM `atop_user` WHERE ( 1=1 AND id='1' ) LIMIT 1   [ RunTime:0.0010s ]
SQL: SELECT * FROM `atop_user` WHERE ( 1=1 AND id='1' ) LIMIT 1   [ RunTime:0.0000s ]
SQL: SELECT * FROM `atop_user` WHERE ( 1=1 AND id='1' ) LIMIT 1   [ RunTime:0.0000s ]
SQL: SELECT * FROM `atop_user` WHERE ( 1=1 AND id='1' ) LIMIT 1   [ RunTime:0.0000s ]
SQL: SELECT * FROM `atop_user` WHERE ( 1=1 AND id='1' ) LIMIT 1   [ RunTime:0.0000s ]
SQL: SELECT * FROM `atop_user` WHERE ( 1=1 AND id='1' ) LIMIT 1   [ RunTime:0.0010s ]
SQL: SELECT * FROM `atop_user` WHERE ( 1=1 AND id='1' ) LIMIT 1   [ RunTime:0.0000s ]
SQL: SELECT * FROM `atop_user` WHERE ( 1=1 AND id='1' ) LIMIT 1   [ RunTime:0.0000s ]
SQL: SELECT * FROM `atop_user` WHERE ( 1=1 AND id='1' ) LIMIT 1   [ RunTime:0.0000s ]
SQL: SELECT * FROM `atop_user` WHERE ( 1=1 AND id='1' ) LIMIT 1   [ RunTime:0.0000s ]
SQL: SELECT * FROM `atop_user` WHERE ( 1=1 AND id='1' ) LIMIT 1   [ RunTime:0.0010s ]
SQL: SELECT * FROM `atop_user` WHERE ( 1=1 AND id='1' ) LIMIT 1   [ RunTime:0.0000s ]
SQL: SELECT * FROM `atop_user` WHERE ( 1=1 AND id='1' ) LIMIT 1   [ RunTime:0.0000s ]
SQL: SELECT * FROM `atop_user` WHERE ( 1=1 AND id='1' ) LIMIT 1   [ RunTime:0.0000s ]
SQL: SELECT * FROM `atop_user` WHERE ( 1=1 AND id='1' ) LIMIT 1   [ RunTime:0.0000s ]
SQL: SELECT * FROM `atop_user` WHERE ( 1=1 AND id='1' ) LIMIT 1   [ RunTime:0.0010s ]
SQL: SELECT * FROM `atop_user` WHERE ( 1=1 AND id='1' ) LIMIT 1   [ RunTime:0.0000s ]
SQL: SELECT * FROM `atop_user` WHERE ( 1=1 AND id='1' ) LIMIT 1   [ RunTime:0.0000s ]
SQL: SELECT * FROM `atop_user` WHERE ( 1=1 AND id='1' ) LIMIT 1   [ RunTime:0.0000s ]
SQL: SELECT * FROM `atop_user` WHERE ( 1=1 AND id='1' ) LIMIT 1   [ RunTime:0.0010s ]
SQL: SELECT * FROM `atop_user` WHERE ( 1=1 AND id='1' ) LIMIT 1   [ RunTime:0.0010s ]
SQL: SELECT * FROM `atop_user` WHERE ( 1=1 AND id='1' ) LIMIT 1   [ RunTime:0.0000s ]
SQL: SELECT * FROM `atop_user` WHERE ( 1=1 AND id='1' ) LIMIT 1   [ RunTime:0.0000s ]
SQL: SELECT * FROM `atop_user` WHERE ( 1=1 AND id='1' ) LIMIT 1   [ RunTime:0.0000s ]
SQL: SELECT * FROM `atop_user` WHERE ( 1=1 AND id='1' ) LIMIT 1   [ RunTime:0.0010s ]
SQL: SELECT * FROM `atop_user` WHERE ( 1=1 AND id='1' ) LIMIT 1   [ RunTime:0.0000s ]
SQL: SELECT * FROM `atop_user` WHERE ( 1=1 AND id='1' ) LIMIT 1   [ RunTime:0.0000s ]
SQL: SELECT * FROM `atop_user` WHERE ( 1=1 AND id='1' ) LIMIT 1   [ RunTime:0.0000s ]
SQL: SELECT * FROM `atop_user` WHERE ( 1=1 AND id='1' ) LIMIT 1   [ RunTime:0.0000s ]
SQL: SELECT * FROM `atop_user` WHERE ( 1=1 AND id='1' ) LIMIT 1   [ RunTime:0.0010s ]
SQL: SELECT * FROM `atop_user` WHERE ( 1=1 AND id='1' ) LIMIT 1   [ RunTime:0.0000s ]
SQL: SELECT * FROM `atop_user` WHERE ( 1=1 AND id='1' ) LIMIT 1   [ RunTime:0.0000s ]
SQL: SELECT * FROM `atop_user` WHERE ( 1=1 AND id='1' ) LIMIT 1   [ RunTime:0.0000s ]
SQL: SELECT * FROM `atop_user` WHERE ( 1=1 AND id='1' ) LIMIT 1   [ RunTime:0.0000s ]
SQL: SELECT * FROM `atop_user` WHERE ( 1=1 AND id='1' ) LIMIT 1   [ RunTime:0.0000s ]
SQL: SELECT * FROM `atop_user` WHERE ( 1=1 AND id='1' ) LIMIT 1   [ RunTime:0.0000s ]
SQL: SELECT * FROM `atop_user` WHERE ( 1=1 AND id='1' ) LIMIT 1   [ RunTime:0.0000s ]
SQL: SELECT * FROM `atop_user` WHERE ( 1=1 AND id='1' ) LIMIT 1   [ RunTime:0.0000s ]
SQL: SELECT * FROM `atop_user` WHERE ( 1=1 AND id='1' ) LIMIT 1   [ RunTime:0.0000s ]
SQL: SELECT * FROM `atop_user` WHERE ( 1=1 AND id='1' ) LIMIT 1   [ RunTime:0.0000s ]
SQL: SELECT * FROM `atop_user` WHERE ( 1=1 AND id='1' ) LIMIT 1   [ RunTime:0.0000s ]
SQL: SELECT * FROM `atop_user` WHERE ( 1=1 AND id='1' ) LIMIT 1   [ RunTime:0.0000s ]
SQL: SELECT * FROM `atop_user` WHERE ( 1=1 AND id='1' ) LIMIT 1   [ RunTime:0.0000s ]
SQL: SELECT * FROM `atop_user` WHERE ( 1=1 AND id='1' ) LIMIT 1   [ RunTime:0.0000s ]
SQL: SELECT * FROM `atop_user` WHERE ( 1=1 AND id='1' ) LIMIT 1   [ RunTime:0.0000s ]
SQL: SELECT * FROM `atop_user` WHERE ( 1=1 AND id='1' ) LIMIT 1   [ RunTime:0.0010s ]
SQL: SELECT * FROM `atop_user` WHERE ( 1=1 AND id='1' ) LIMIT 1   [ RunTime:0.0000s ]
SQL: SELECT * FROM `atop_user` WHERE ( 1=1 AND id='1' ) LIMIT 1   [ RunTime:0.0000s ]
SQL: SELECT * FROM `atop_user` WHERE ( 1=1 AND id='1' ) LIMIT 1   [ RunTime:0.0000s ]
SQL: SELECT * FROM `atop_user` WHERE ( 1=1 AND id='1' ) LIMIT 1   [ RunTime:0.0000s ]
SQL: SELECT * FROM `atop_user` WHERE ( 1=1 AND id='1' ) LIMIT 1   [ RunTime:0.0010s ]
SQL: SELECT * FROM `atop_user` WHERE ( 1=1 AND id='1' ) LIMIT 1   [ RunTime:0.0000s ]
SQL: SELECT * FROM `atop_user` WHERE ( 1=1 AND id='1' ) LIMIT 1   [ RunTime:0.0000s ]
SQL: SELECT * FROM `atop_user` WHERE ( 1=1 AND id='1' ) LIMIT 1   [ RunTime:0.0000s ]
SQL: SELECT * FROM `atop_user` WHERE ( 1=1 AND id='1' ) LIMIT 1   [ RunTime:0.0000s ]
SQL: SELECT * FROM `atop_user` WHERE ( 1=1 AND id='1' ) LIMIT 1   [ RunTime:0.0000s ]
SQL: SELECT * FROM `atop_user` WHERE ( 1=1 AND id='1' ) LIMIT 1   [ RunTime:0.0000s ]
SQL: SELECT * FROM `atop_user` WHERE ( 1=1 AND id='1' ) LIMIT 1   [ RunTime:0.0000s ]
SQL: SELECT * FROM `atop_user` WHERE ( 1=1 AND id='1' ) LIMIT 1   [ RunTime:0.0000s ]
SQL: SELECT * FROM `atop_user` WHERE ( 1=1 AND id='1' ) LIMIT 1   [ RunTime:0.0000s ]
SQL: SELECT * FROM `atop_user` WHERE ( 1=1 AND id='1' ) LIMIT 1   [ RunTime:0.0000s ]
SQL: SELECT * FROM `atop_user` WHERE ( 1=1 AND id='1' ) LIMIT 1   [ RunTime:0.0000s ]
SQL: SELECT * FROM `atop_user` WHERE ( 1=1 AND id='1' ) LIMIT 1   [ RunTime:0.0000s ]
SQL: SELECT * FROM `atop_user` WHERE ( 1=1 AND id='1' ) LIMIT 1   [ RunTime:0.0000s ]
SQL: SELECT * FROM `atop_user` WHERE ( 1=1 AND id='1' ) LIMIT 1   [ RunTime:0.0000s ]
SQL: SELECT * FROM `atop_user` WHERE ( 1=1 AND id='1' ) LIMIT 1   [ RunTime:0.0000s ]
SQL: SELECT * FROM `atop_user` WHERE ( 1=1 AND id='1' ) LIMIT 1   [ RunTime:0.0000s ]
SQL: SELECT * FROM `atop_user` WHERE ( 1=1 AND id='1' ) LIMIT 1   [ RunTime:0.0000s ]
SQL: SELECT * FROM `atop_user` WHERE ( 1=1 AND id='1' ) LIMIT 1   [ RunTime:0.0000s ]
SQL: SELECT * FROM `atop_user` WHERE ( 1=1 AND id='1' ) LIMIT 1   [ RunTime:0.0000s ]
SQL: SELECT * FROM `atop_user` WHERE ( 1=1 AND id='1' ) LIMIT 1   [ RunTime:0.0010s ]
SQL: SELECT * FROM `atop_user` WHERE ( 1=1 AND id='1' ) LIMIT 1   [ RunTime:0.0000s ]
SQL: SELECT * FROM `atop_user` WHERE ( 1=1 AND id='1' ) LIMIT 1   [ RunTime:0.0000s ]
SQL: SELECT * FROM `atop_user` WHERE ( 1=1 AND id='1' ) LIMIT 1   [ RunTime:0.0010s ]
SQL: SELECT * FROM `atop_user` WHERE ( 1=1 AND id='1' ) LIMIT 1   [ RunTime:0.0000s ]
SQL: SELECT * FROM `atop_user` WHERE ( 1=1 AND id='1' ) LIMIT 1   [ RunTime:0.0000s ]
SQL: SELECT * FROM `atop_user` WHERE ( 1=1 AND id='1' ) LIMIT 1   [ RunTime:0.0000s ]
SQL: SELECT * FROM `atop_user` WHERE ( 1=1 AND id='1' ) LIMIT 1   [ RunTime:0.0000s ]
INFO: [ view_parse ] --START--
INFO: [ template_filter ] --START--
INFO: Run Behavior\ContentReplaceBehavior [ RunTime:0.000000s ]
INFO: [ template_filter ] --END-- [ RunTime:0.001000s ]
INFO: Run Behavior\ParseTemplateBehavior [ RunTime:0.017001s ]
INFO: [ view_parse ] --END-- [ RunTime:0.017001s ]
INFO: [ view_filter ] --START--
INFO: Run Behavior\WriteHtmlCacheBehavior [ RunTime:0.000000s ]
INFO: [ view_filter ] --END-- [ RunTime:0.000000s ]
INFO: [ app_end ] --START--
INFO: Run Behavior\ShowPageTraceBehavior [ RunTime:0.000000s ]
INFO: [ app_end ] --END-- [ RunTime:0.000000s ]

[ 2017-03-14T17:48:06+08:00 ] 192.168.0.105 /index.php/Home/Notice/getNotice
INFO: [ app_init ] --START--
INFO: Run Behavior\BuildLiteBehavior [ RunTime:0.000000s ]
INFO: [ app_init ] --END-- [ RunTime:0.001000s ]
INFO: [ app_begin ] --START--
INFO: Run Behavior\ReadHtmlCacheBehavior [ RunTime:0.001000s ]
INFO: [ app_begin ] --END-- [ RunTime:0.001000s ]
SQL: SHOW COLUMNS FROM `atop_user` [ RunTime:0.0010s ]
SQL: SELECT `face`,`theme`,`state` FROM `atop_user` WHERE `id` = 1 LIMIT 1   [ RunTime:0.0000s ]
SQL: SHOW COLUMNS FROM `atop_notice` [ RunTime:0.0010s ]
SQL: SELECT COUNT(*) AS tp_count FROM `atop_notice` WHERE `who` = 1 AND `status` = 0 LIMIT 1   [ RunTime:0.0000s ]
INFO: [ app_end ] --START--
INFO: Run Behavior\ShowPageTraceBehavior [ RunTime:0.000000s ]
INFO: [ app_end ] --END-- [ RunTime:0.000000s ]

[ 2017-03-14T17:48:09+08:00 ] 192.168.0.105 /Acronym/details/id/65
INFO: [ app_init ] --START--
INFO: Run Behavior\BuildLiteBehavior [ RunTime:0.000000s ]
INFO: [ app_init ] --END-- [ RunTime:0.000000s ]
INFO: [ app_begin ] --START--
INFO: Run Behavior\ReadHtmlCacheBehavior [ RunTime:0.001000s ]
INFO: [ app_begin ] --END-- [ RunTime:0.001000s ]
SQL: SHOW COLUMNS FROM `atop_user` [ RunTime:0.0010s ]
SQL: SELECT `face`,`theme`,`state` FROM `atop_user` WHERE `id` = 1 LIMIT 1   [ RunTime:0.0010s ]
SQL: SHOW COLUMNS FROM `atop_acronym` [ RunTime:0.0010s ]
SQL: SELECT * FROM `atop_acronym` WHERE `id` = 65 LIMIT 1   [ RunTime:0.0010s ]
SQL: SHOW COLUMNS FROM `atop_user` [ RunTime:0.0000s ]
SQL: SELECT * FROM `atop_user` WHERE ( 1=1 AND id='1' ) LIMIT 1   [ RunTime:0.0000s ]
SQL: SELECT * FROM `atop_acronym` WHERE ( acronym='APC' )  [ RunTime:0.0000s ]
INFO: [ view_parse ] --START--
INFO: [ template_filter ] --START--
INFO: Run Behavior\ContentReplaceBehavior [ RunTime:0.000000s ]
INFO: [ template_filter ] --END-- [ RunTime:0.000000s ]
INFO: Run Behavior\ParseTemplateBehavior [ RunTime:0.014001s ]
INFO: [ view_parse ] --END-- [ RunTime:0.014001s ]
INFO: [ view_filter ] --START--
INFO: Run Behavior\WriteHtmlCacheBehavior [ RunTime:0.000000s ]
INFO: [ view_filter ] --END-- [ RunTime:0.001000s ]
INFO: [ app_end ] --START--
INFO: Run Behavior\ShowPageTraceBehavior [ RunTime:0.000000s ]
INFO: [ app_end ] --END-- [ RunTime:0.000000s ]

[ 2017-03-14T17:48:09+08:00 ] 192.168.0.105 /index.php/Home/Notice/getNotice
INFO: [ app_init ] --START--
INFO: Run Behavior\BuildLiteBehavior [ RunTime:0.001000s ]
INFO: [ app_init ] --END-- [ RunTime:0.001000s ]
INFO: [ app_begin ] --START--
INFO: Run Behavior\ReadHtmlCacheBehavior [ RunTime:0.001000s ]
INFO: [ app_begin ] --END-- [ RunTime:0.001000s ]
SQL: SHOW COLUMNS FROM `atop_user` [ RunTime:0.0010s ]
SQL: SELECT `face`,`theme`,`state` FROM `atop_user` WHERE `id` = 1 LIMIT 1   [ RunTime:0.0010s ]
SQL: SHOW COLUMNS FROM `atop_notice` [ RunTime:0.0010s ]
SQL: SELECT COUNT(*) AS tp_count FROM `atop_notice` WHERE `who` = 1 AND `status` = 0 LIMIT 1   [ RunTime:0.0010s ]
INFO: [ app_end ] --START--
INFO: Run Behavior\ShowPageTraceBehavior [ RunTime:0.001000s ]
INFO: [ app_end ] --END-- [ RunTime:0.001000s ]

[ 2017-03-14T17:48:11+08:00 ] 192.168.0.105 /Acronym/details/id/66
INFO: [ app_init ] --START--
INFO: Run Behavior\BuildLiteBehavior [ RunTime:0.000000s ]
INFO: [ app_init ] --END-- [ RunTime:0.001000s ]
INFO: [ app_begin ] --START--
INFO: Run Behavior\ReadHtmlCacheBehavior [ RunTime:0.000000s ]
INFO: [ app_begin ] --END-- [ RunTime:0.001000s ]
SQL: SHOW COLUMNS FROM `atop_user` [ RunTime:0.0010s ]
SQL: SELECT `face`,`theme`,`state` FROM `atop_user` WHERE `id` = 1 LIMIT 1   [ RunTime:0.0000s ]
SQL: SHOW COLUMNS FROM `atop_acronym` [ RunTime:0.0010s ]
SQL: SELECT * FROM `atop_acronym` WHERE `id` = 66 LIMIT 1   [ RunTime:0.0000s ]
SQL: SHOW COLUMNS FROM `atop_user` [ RunTime:0.0000s ]
SQL: SELECT * FROM `atop_user` WHERE ( 1=1 AND id='1' ) LIMIT 1   [ RunTime:0.0000s ]
SQL: SELECT * FROM `atop_acronym` WHERE ( acronym='APC' )  [ RunTime:0.0120s ]
INFO: [ view_parse ] --START--
INFO: [ template_filter ] --START--
INFO: Run Behavior\ContentReplaceBehavior [ RunTime:0.000000s ]
INFO: [ template_filter ] --END-- [ RunTime:0.000000s ]
INFO: Run Behavior\ParseTemplateBehavior [ RunTime:0.013001s ]
INFO: [ view_parse ] --END-- [ RunTime:0.014001s ]
INFO: [ view_filter ] --START--
INFO: Run Behavior\WriteHtmlCacheBehavior [ RunTime:0.000000s ]
INFO: [ view_filter ] --END-- [ RunTime:0.000000s ]
INFO: [ app_end ] --START--
INFO: Run Behavior\ShowPageTraceBehavior [ RunTime:0.000000s ]
INFO: [ app_end ] --END-- [ RunTime:0.000000s ]

[ 2017-03-14T17:48:11+08:00 ] 192.168.0.105 /index.php/Home/Notice/getNotice
INFO: [ app_init ] --START--
INFO: Run Behavior\BuildLiteBehavior [ RunTime:0.000000s ]
INFO: [ app_init ] --END-- [ RunTime:0.000000s ]
INFO: [ app_begin ] --START--
INFO: Run Behavior\ReadHtmlCacheBehavior [ RunTime:0.001000s ]
INFO: [ app_begin ] --END-- [ RunTime:0.001000s ]
SQL: SHOW COLUMNS FROM `atop_user` [ RunTime:0.0000s ]
SQL: SELECT `face`,`theme`,`state` FROM `atop_user` WHERE `id` = 1 LIMIT 1   [ RunTime:0.0000s ]
SQL: SHOW COLUMNS FROM `atop_notice` [ RunTime:0.0000s ]
SQL: SELECT COUNT(*) AS tp_count FROM `atop_notice` WHERE `who` = 1 AND `status` = 0 LIMIT 1   [ RunTime:0.0000s ]
INFO: [ app_end ] --START--
INFO: Run Behavior\ShowPageTraceBehavior [ RunTime:0.001000s ]
INFO: [ app_end ] --END-- [ RunTime:0.001000s ]

[ 2017-03-14T17:48:12+08:00 ] 192.168.0.105 /Acronym/details/id/65
INFO: [ app_init ] --START--
INFO: Run Behavior\BuildLiteBehavior [ RunTime:0.000000s ]
INFO: [ app_init ] --END-- [ RunTime:0.000000s ]
INFO: [ app_begin ] --START--
INFO: Run Behavior\ReadHtmlCacheBehavior [ RunTime:0.001000s ]
INFO: [ app_begin ] --END-- [ RunTime:0.001000s ]
SQL: SHOW COLUMNS FROM `atop_user` [ RunTime:0.0010s ]
SQL: SELECT `face`,`theme`,`state` FROM `atop_user` WHERE `id` = 1 LIMIT 1   [ RunTime:0.0010s ]
SQL: SHOW COLUMNS FROM `atop_acronym` [ RunTime:0.0010s ]
SQL: SELECT * FROM `atop_acronym` WHERE `id` = 65 LIMIT 1   [ RunTime:0.0000s ]
SQL: SHOW COLUMNS FROM `atop_user` [ RunTime:0.0000s ]
SQL: SELECT * FROM `atop_user` WHERE ( 1=1 AND id='1' ) LIMIT 1   [ RunTime:0.0000s ]
SQL: SELECT * FROM `atop_acronym` WHERE ( acronym='APC' )  [ RunTime:0.0000s ]
INFO: [ view_parse ] --START--
INFO: [ template_filter ] --START--
INFO: Run Behavior\ContentReplaceBehavior [ RunTime:0.001000s ]
INFO: [ template_filter ] --END-- [ RunTime:0.001000s ]
INFO: Run Behavior\ParseTemplateBehavior [ RunTime:0.014001s ]
INFO: [ view_parse ] --END-- [ RunTime:0.014001s ]
INFO: [ view_filter ] --START--
INFO: Run Behavior\WriteHtmlCacheBehavior [ RunTime:0.001000s ]
INFO: [ view_filter ] --END-- [ RunTime:0.001000s ]
INFO: [ app_end ] --START--
INFO: Run Behavior\ShowPageTraceBehavior [ RunTime:0.001000s ]
INFO: [ app_end ] --END-- [ RunTime:0.001000s ]

[ 2017-03-14T17:48:12+08:00 ] 192.168.0.105 /index.php/Home/Notice/getNotice
INFO: [ app_init ] --START--
INFO: Run Behavior\BuildLiteBehavior [ RunTime:0.000000s ]
INFO: [ app_init ] --END-- [ RunTime:0.001000s ]
INFO: [ app_begin ] --START--
INFO: Run Behavior\ReadHtmlCacheBehavior [ RunTime:0.001000s ]
INFO: [ app_begin ] --END-- [ RunTime:0.001000s ]
SQL: SHOW COLUMNS FROM `atop_user` [ RunTime:0.0000s ]
SQL: SELECT `face`,`theme`,`state` FROM `atop_user` WHERE `id` = 1 LIMIT 1   [ RunTime:0.0000s ]
SQL: SHOW COLUMNS FROM `atop_notice` [ RunTime:0.0000s ]
SQL: SELECT COUNT(*) AS tp_count FROM `atop_notice` WHERE `who` = 1 AND `status` = 0 LIMIT 1   [ RunTime:0.0000s ]
INFO: [ app_end ] --START--
INFO: Run Behavior\ShowPageTraceBehavior [ RunTime:0.001000s ]
INFO: [ app_end ] --END-- [ RunTime:0.001000s ]

[ 2017-03-14T17:48:14+08:00 ] 192.168.0.105 /Customer
INFO: [ app_init ] --START--
INFO: Run Behavior\BuildLiteBehavior [ RunTime:0.000000s ]
INFO: [ app_init ] --END-- [ RunTime:0.000000s ]
INFO: [ app_begin ] --START--
INFO: Run Behavior\ReadHtmlCacheBehavior [ RunTime:0.001000s ]
INFO: [ app_begin ] --END-- [ RunTime:0.001000s ]
SQL: SHOW COLUMNS FROM `atop_user` [ RunTime:0.0000s ]
SQL: SELECT `face`,`theme`,`state` FROM `atop_user` WHERE `id` = 1 LIMIT 1   [ RunTime:0.0000s ]
SQL: SHOW COLUMNS FROM `atop_oacustomercomplaint` [ RunTime:0.0260s ]
SQL: SELECT COUNT(*) AS tp_count FROM `atop_oacustomercomplaint` WHERE ( status=0 ) LIMIT 1   [ RunTime:0.0230s ]
SQL: SELECT COUNT(*) AS tp_count FROM `atop_oacustomercomplaint` WHERE ( status=-1 ) LIMIT 1   [ RunTime:0.0270s ]
SQL: SELECT COUNT(*) AS tp_count FROM `atop_oacustomercomplaint` WHERE ( status=1 ) LIMIT 1   [ RunTime:0.0010s ]
SQL: SELECT COUNT(*) AS tp_count FROM `atop_oacustomercomplaint` LIMIT 1   [ RunTime:0.0000s ]
SQL: SELECT `level`,`report`,`department` FROM `atop_user` WHERE `id` = 1 LIMIT 1   [ RunTime:0.0000s ]
SQL: SELECT COUNT(*) AS tp_count FROM `atop_oacustomercomplaint` WHERE `status` IN ('-1','0','1') LIMIT 1   [ RunTime:0.0000s ]
SQL: SELECT * FROM `atop_oacustomercomplaint` WHERE `status` IN ('-1','0','1') ORDER BY cc_time DESC LIMIT 0,10   [ RunTime:0.0010s ]
SQL: SHOW COLUMNS FROM `atop_user` [ RunTime:0.0010s ]
SQL: SELECT u.nickname,u.face FROM atop_user u,atop_oacustomercomplaint o WHERE ( u.account=o.salesperson AND o.id=5194 )  [ RunTime:0.0010s ]
SQL: SHOW COLUMNS FROM `atop_user` [ RunTime:0.0010s ]
SQL: SELECT u.nickname,u.face FROM atop_user u,atop_oacustomercomplaint o WHERE ( u.account=o.salesperson AND o.id=5192 )  [ RunTime:0.0000s ]
SQL: SHOW COLUMNS FROM `atop_user` [ RunTime:0.0000s ]
SQL: SELECT u.nickname,u.face FROM atop_user u,atop_oacustomercomplaint o WHERE ( u.account=o.salesperson AND o.id=5193 )  [ RunTime:0.0000s ]
SQL: SHOW COLUMNS FROM `atop_user` [ RunTime:0.0000s ]
SQL: SELECT u.nickname,u.face FROM atop_user u,atop_oacustomercomplaint o WHERE ( u.account=o.salesperson AND o.id=5190 )  [ RunTime:0.0000s ]
SQL: SHOW COLUMNS FROM `atop_user` [ RunTime:0.0010s ]
SQL: SELECT u.nickname,u.face FROM atop_user u,atop_oacustomercomplaint o WHERE ( u.account=o.salesperson AND o.id=5191 )  [ RunTime:0.0000s ]
SQL: SHOW COLUMNS FROM `atop_user` [ RunTime:0.0000s ]
SQL: SELECT u.nickname,u.face FROM atop_user u,atop_oacustomercomplaint o WHERE ( u.account=o.salesperson AND o.id=5189 )  [ RunTime:0.0000s ]
SQL: SHOW COLUMNS FROM `atop_user` [ RunTime:0.0000s ]
SQL: SELECT u.nickname,u.face FROM atop_user u,atop_oacustomercomplaint o WHERE ( u.account=o.salesperson AND o.id=5188 )  [ RunTime:0.0000s ]
SQL: SHOW COLUMNS FROM `atop_user` [ RunTime:0.0010s ]
SQL: SELECT u.nickname,u.face FROM atop_user u,atop_oacustomercomplaint o WHERE ( u.account=o.salesperson AND o.id=5187 )  [ RunTime:0.0000s ]
SQL: SHOW COLUMNS FROM `atop_user` [ RunTime:0.0000s ]
SQL: SELECT u.nickname,u.face FROM atop_user u,atop_oacustomercomplaint o WHERE ( u.account=o.salesperson AND o.id=5186 )  [ RunTime:0.0000s ]
SQL: SHOW COLUMNS FROM `atop_user` [ RunTime:0.0000s ]
SQL: SELECT u.nickname,u.face FROM atop_user u,atop_oacustomercomplaint o WHERE ( u.account=o.salesperson AND o.id=5185 )  [ RunTime:0.0000s ]
INFO: [ view_parse ] --START--
INFO: [ template_filter ] --START--
INFO: Run Behavior\ContentReplaceBehavior [ RunTime:0.000000s ]
INFO: [ template_filter ] --END-- [ RunTime:0.000000s ]
NOTIC: [8] Undefined index: searchtext E:\work\atopOA\Atop\Runtime\Cache\Home\e8338bc78d71ba711acc777743350d01.php 第 124 行.
NOTIC: [8] Undefined index: startdate E:\work\atopOA\Atop\Runtime\Cache\Home\e8338bc78d71ba711acc777743350d01.php 第 197 行.
NOTIC: [8] Undefined index: enddate E:\work\atopOA\Atop\Runtime\Cache\Home\e8338bc78d71ba711acc777743350d01.php 第 201 行.
NOTIC: [8] Undefined index: sale_order E:\work\atopOA\Atop\Runtime\Cache\Home\e8338bc78d71ba711acc777743350d01.php 第 206 行.
NOTIC: [8] Undefined index: salesperson E:\work\atopOA\Atop\Runtime\Cache\Home\e8338bc78d71ba711acc777743350d01.php 第 208 行.
NOTIC: [8] Undefined index: customer E:\work\atopOA\Atop\Runtime\Cache\Home\e8338bc78d71ba711acc777743350d01.php 第 212 行.
NOTIC: [8] Undefined index: vendor E:\work\atopOA\Atop\Runtime\Cache\Home\e8338bc78d71ba711acc777743350d01.php 第 214 行.
INFO: Run Behavior\ParseTemplateBehavior [ RunTime:0.028002s ]
INFO: [ view_parse ] --END-- [ RunTime:0.028002s ]
INFO: [ view_filter ] --START--
INFO: Run Behavior\WriteHtmlCacheBehavior [ RunTime:0.000000s ]
INFO: [ view_filter ] --END-- [ RunTime:0.000000s ]
INFO: [ app_end ] --START--
INFO: Run Behavior\ShowPageTraceBehavior [ RunTime:0.000000s ]
INFO: [ app_end ] --END-- [ RunTime:0.000000s ]

[ 2017-03-14T17:48:15+08:00 ] 192.168.0.105 /index.php/Home/Notice/getNotice
INFO: [ app_init ] --START--
INFO: Run Behavior\BuildLiteBehavior [ RunTime:0.000000s ]
INFO: [ app_init ] --END-- [ RunTime:0.001000s ]
INFO: [ app_begin ] --START--
INFO: Run Behavior\ReadHtmlCacheBehavior [ RunTime:0.001000s ]
INFO: [ app_begin ] --END-- [ RunTime:0.002000s ]
SQL: SHOW COLUMNS FROM `atop_user` [ RunTime:0.0010s ]
SQL: SELECT `face`,`theme`,`state` FROM `atop_user` WHERE `id` = 1 LIMIT 1   [ RunTime:0.0000s ]
SQL: SHOW COLUMNS FROM `atop_notice` [ RunTime:0.0110s ]
SQL: SELECT COUNT(*) AS tp_count FROM `atop_notice` WHERE `who` = 1 AND `status` = 0 LIMIT 1   [ RunTime:0.0000s ]
INFO: [ app_end ] --START--
INFO: Run Behavior\ShowPageTraceBehavior [ RunTime:0.001001s ]
INFO: [ app_end ] --END-- [ RunTime:0.002001s ]

[ 2017-03-14T17:48:22+08:00 ] 192.168.0.105 /customerDetails/5187
INFO: [ app_init ] --START--
INFO: Run Behavior\BuildLiteBehavior [ RunTime:0.000000s ]
INFO: [ app_init ] --END-- [ RunTime:0.002000s ]
INFO: [ app_begin ] --START--
INFO: Run Behavior\ReadHtmlCacheBehavior [ RunTime:0.002001s ]
INFO: [ app_begin ] --END-- [ RunTime:0.003001s ]
SQL: SHOW COLUMNS FROM `atop_user` [ RunTime:0.0010s ]
SQL: SELECT `face`,`theme`,`state` FROM `atop_user` WHERE `id` = 1 LIMIT 1   [ RunTime:0.0010s ]
SQL: SHOW COLUMNS FROM `atop_oacustomercomplaint` [ RunTime:0.0310s ]
SQL: SHOW COLUMNS FROM `atop_oacustomercomplaintlog` [ RunTime:0.1500s ]
SQL: SELECT * FROM `atop_oacustomercomplaint` WHERE `id` = 5187 LIMIT 1   [ RunTime:0.0010s ]
SQL: SELECT `nickname` FROM `atop_user` WHERE `account` = 'jonas'  [ RunTime:0.0090s ]
NOTIC: [2] Illegal string offset 'reason' E:\work\atopOA\Atop\Home\Controller\CustomerController.class.php 第 255 行.
SQL: SELECT * FROM `atop_oacustomercomplaintlog` WHERE `cc_id` = 5187 ORDER BY log_date DESC,id DESC  [ RunTime:0.0360s ]
NOTIC: [2048] Only variables should be passed by reference E:\work\atopOA\Atop\Home\Common\function.php 第 276 行.
NOTIC: [2048] Only variables should be passed by reference E:\work\atopOA\Atop\Home\Common\function.php 第 276 行.
SQL: SELECT `face` FROM `atop_user` WHERE `id` = 32 LIMIT 1   [ RunTime:0.0000s ]
SQL: SELECT `face` FROM `atop_user` WHERE `id` = 32 LIMIT 1   [ RunTime:0.0010s ]
SQL: SELECT `face` FROM `atop_user` WHERE `id` = 32 LIMIT 1   [ RunTime:0.0010s ]
INFO: [ view_parse ] --START--
INFO: [ template_filter ] --START--
INFO: Run Behavior\ContentReplaceBehavior [ RunTime:0.000000s ]
INFO: [ template_filter ] --END-- [ RunTime:0.000000s ]
INFO: Run Behavior\ParseTemplateBehavior [ RunTime:0.086005s ]
INFO: [ view_parse ] --END-- [ RunTime:0.087005s ]
INFO: [ view_filter ] --START--
INFO: Run Behavior\WriteHtmlCacheBehavior [ RunTime:0.001000s ]
INFO: [ view_filter ] --END-- [ RunTime:0.001000s ]
INFO: [ app_end ] --START--
INFO: Run Behavior\ShowPageTraceBehavior [ RunTime:0.001000s ]
INFO: [ app_end ] --END-- [ RunTime:0.001000s ]

[ 2017-03-14T17:48:23+08:00 ] 192.168.0.105 /Uploads/CustomerComplaintAttachment/2017-01-24/AP-ST2%20%20throughput.jpg
INFO: [ app_init ] --START--
INFO: Run Behavior\BuildLiteBehavior [ RunTime:0.000000s ]
INFO: [ app_init ] --END-- [ RunTime:0.000000s ]

[ 2017-03-14T17:48:23+08:00 ] 192.168.0.105 /Uploads/CustomerComplaintAttachment/2017-01-24/other%20supplier%20throughput.jpg
INFO: [ app_init ] --START--
INFO: Run Behavior\BuildLiteBehavior [ RunTime:0.000000s ]
INFO: [ app_init ] --END-- [ RunTime:0.001000s ]

[ 2017-03-14T17:48:23+08:00 ] 192.168.0.105 /index.php/Home/Notice/getNotice
INFO: [ app_init ] --START--
INFO: Run Behavior\BuildLiteBehavior [ RunTime:0.001000s ]
INFO: [ app_init ] --END-- [ RunTime:0.001000s ]
INFO: [ app_begin ] --START--
INFO: Run Behavior\ReadHtmlCacheBehavior [ RunTime:0.002000s ]
INFO: [ app_begin ] --END-- [ RunTime:0.002000s ]
SQL: SHOW COLUMNS FROM `atop_user` [ RunTime:0.0010s ]
SQL: SELECT `face`,`theme`,`state` FROM `atop_user` WHERE `id` = 1 LIMIT 1   [ RunTime:0.0000s ]
SQL: SHOW COLUMNS FROM `atop_notice` [ RunTime:0.0010s ]
SQL: SELECT COUNT(*) AS tp_count FROM `atop_notice` WHERE `who` = 1 AND `status` = 0 LIMIT 1   [ RunTime:0.0000s ]
INFO: [ app_end ] --START--
INFO: Run Behavior\ShowPageTraceBehavior [ RunTime:0.001000s ]
INFO: [ app_end ] --END-- [ RunTime:0.001000s ]

[ 2017-03-14T17:48:27+08:00 ] 192.168.0.106 /index.php/Home/Notice/getNotice
INFO: [ app_init ] --START--
INFO: Run Behavior\BuildLiteBehavior [ RunTime:0.000000s ]
INFO: [ app_init ] --END-- [ RunTime:0.001000s ]
INFO: [ app_begin ] --START--
INFO: Run Behavior\ReadHtmlCacheBehavior [ RunTime:0.001000s ]
INFO: [ app_begin ] --END-- [ RunTime:0.001000s ]
SQL: SHOW COLUMNS FROM `atop_user` [ RunTime:0.0010s ]
SQL: SELECT `face`,`theme`,`state` FROM `atop_user` WHERE `id` = 70 LIMIT 1   [ RunTime:0.0010s ]
SQL: SHOW COLUMNS FROM `atop_auth_group_access` [ RunTime:0.0000s ]
SQL: SELECT `uid`,`group_id`,`title`,`rules` FROM atop_auth_group_access a INNER JOIN atop_auth_group g on a.group_id=g.id  WHERE ( a.uid='70' and g.status='1' )  [ RunTime:0.0000s ]
SQL: SHOW COLUMNS FROM `atop_auth_rule` [ RunTime:0.0000s ]
SQL: SELECT `condition`,`name` FROM `atop_auth_rule` WHERE `id` IN ('1','2','4','5','6','7','8','9','10','12','13') AND `type` = 1 AND `status` = 1  [ RunTime:0.0000s ]
SQL: SHOW COLUMNS FROM `atop_notice` [ RunTime:0.0010s ]
SQL: SELECT COUNT(*) AS tp_count FROM `atop_notice` WHERE `who` = 70 AND `status` = 0 LIMIT 1   [ RunTime:0.0010s ]
INFO: [ app_end ] --START--
INFO: Run Behavior\ShowPageTraceBehavior [ RunTime:0.001000s ]
INFO: [ app_end ] --END-- [ RunTime:0.001000s ]

[ 2017-03-14T17:48:28+08:00 ] 192.168.0.105 /Uploads/CustomerComplaintAttachment/2017-01-24/other%20supplier%20throughput.jpg
INFO: [ app_init ] --START--
INFO: Run Behavior\BuildLiteBehavior [ RunTime:0.000000s ]
INFO: [ app_init ] --END-- [ RunTime:0.001000s ]

[ 2017-03-14T17:48:33+08:00 ] 192.168.0.105 /Manage
INFO: [ app_init ] --START--
INFO: Run Behavior\BuildLiteBehavior [ RunTime:0.000000s ]
INFO: [ app_init ] --END-- [ RunTime:0.001000s ]
INFO: [ app_begin ] --START--
INFO: Run Behavior\ReadHtmlCacheBehavior [ RunTime:0.001000s ]
INFO: [ app_begin ] --END-- [ RunTime:0.002000s ]
SQL: SHOW COLUMNS FROM `atop_user` [ RunTime:0.0000s ]
SQL: SELECT `face`,`theme`,`state` FROM `atop_user` WHERE `id` = 1 LIMIT 1   [ RunTime:0.0000s ]
SQL: SHOW COLUMNS FROM `atop_user` [ RunTime:0.0020s ]
SQL: SELECT COUNT(*) AS tp_count FROM `atop_user` WHERE ( id<>1 AND state=1 ) LIMIT 1   [ RunTime:0.0010s ]
SQL: SELECT * FROM `atop_user` WHERE ( id<>1 AND state=1 ) ORDER BY id DESC LIMIT 0,10   [ RunTime:0.0060s ]
SQL: SHOW COLUMNS FROM `atop_position` [ RunTime:0.0260s ]
SQL: SELECT `id`,`name` FROM `atop_position` WHERE ( 1=1 AND id='3' ) LIMIT 1   [ RunTime:0.0320s ]
SQL: SHOW COLUMNS FROM `atop_department` [ RunTime:0.0160s ]
SQL: SELECT `id`,`name` FROM `atop_department` WHERE ( 1=1 AND id='4' ) LIMIT 1   [ RunTime:0.0140s ]
SQL: SHOW COLUMNS FROM `atop_userlevel` [ RunTime:0.0000s ]
SQL: SELECT `id`,`levelname` FROM `atop_userlevel` WHERE ( 1=1 AND id='2' ) LIMIT 1   [ RunTime:0.0190s ]
SQL: SELECT `id`,`name` FROM `atop_position` WHERE ( 1=1 AND id='3' ) LIMIT 1   [ RunTime:0.0010s ]
SQL: SELECT `id`,`name` FROM `atop_department` WHERE ( 1=1 AND id='4' ) LIMIT 1   [ RunTime:0.0000s ]
SQL: SELECT `id`,`levelname` FROM `atop_userlevel` WHERE ( 1=1 AND id='2' ) LIMIT 1   [ RunTime:0.0000s ]
SQL: SELECT `id`,`name` FROM `atop_position` WHERE ( 1=1 AND id='21' ) LIMIT 1   [ RunTime:0.0000s ]
SQL: SELECT `id`,`name` FROM `atop_department` WHERE ( 1=1 AND id='7' ) LIMIT 1   [ RunTime:0.0000s ]
SQL: SELECT `id`,`levelname` FROM `atop_userlevel` WHERE ( 1=1 AND id='1' ) LIMIT 1   [ RunTime:0.0010s ]
SQL: SELECT `id`,`name` FROM `atop_position` WHERE ( 1=1 AND id='20' ) LIMIT 1   [ RunTime:0.0000s ]
SQL: SELECT `id`,`name` FROM `atop_department` WHERE ( 1=1 AND id='7' ) LIMIT 1   [ RunTime:0.0000s ]
SQL: SELECT `id`,`levelname` FROM `atop_userlevel` WHERE ( 1=1 AND id='1' ) LIMIT 1   [ RunTime:0.0000s ]
SQL: SELECT `id`,`name` FROM `atop_position` WHERE ( 1=1 AND id='1' ) LIMIT 1   [ RunTime:0.0000s ]
SQL: SELECT `id`,`name` FROM `atop_department` WHERE ( 1=1 AND id='4' ) LIMIT 1   [ RunTime:0.0000s ]
SQL: SELECT `id`,`levelname` FROM `atop_userlevel` WHERE ( 1=1 AND id='7' ) LIMIT 1   [ RunTime:0.0000s ]
SQL: SELECT `id`,`name` FROM `atop_position` WHERE ( 1=1 AND id='11' ) LIMIT 1   [ RunTime:0.0010s ]
SQL: SELECT `id`,`name` FROM `atop_department` WHERE ( 1=1 AND id='1' ) LIMIT 1   [ RunTime:0.0000s ]
SQL: SELECT `id`,`levelname` FROM `atop_userlevel` WHERE ( 1=1 AND id='2' ) LIMIT 1   [ RunTime:0.0000s ]
SQL: SELECT `id`,`name` FROM `atop_position` WHERE ( 1=1 AND id='10' ) LIMIT 1   [ RunTime:0.0000s ]
SQL: SELECT `id`,`name` FROM `atop_department` WHERE ( 1=1 AND id='1' ) LIMIT 1   [ RunTime:0.0000s ]
SQL: SELECT `id`,`levelname` FROM `atop_userlevel` WHERE ( 1=1 AND id='1' ) LIMIT 1   [ RunTime:0.0010s ]
SQL: SELECT `id`,`name` FROM `atop_position` WHERE ( 1=1 AND id='19' ) LIMIT 1   [ RunTime:0.0000s ]
SQL: SELECT `id`,`name` FROM `atop_department` WHERE ( 1=1 AND id='5' ) LIMIT 1   [ RunTime:0.0000s ]
SQL: SELECT `id`,`levelname` FROM `atop_userlevel` WHERE ( 1=1 AND id='2' ) LIMIT 1   [ RunTime:0.0000s ]
SQL: SELECT `id`,`name` FROM `atop_position` WHERE ( 1=1 AND id='18' ) LIMIT 1   [ RunTime:0.0000s ]
SQL: SELECT `id`,`name` FROM `atop_department` WHERE ( 1=1 AND id='5' ) LIMIT 1   [ RunTime:0.0010s ]
SQL: SELECT `id`,`levelname` FROM `atop_userlevel` WHERE ( 1=1 AND id='4' ) LIMIT 1   [ RunTime:0.0000s ]
SQL: SELECT `id`,`name` FROM `atop_position` WHERE ( 1=1 AND id='22' ) LIMIT 1   [ RunTime:0.0000s ]
SQL: SELECT `id`,`name` FROM `atop_department` WHERE ( 1=1 AND id='1' ) LIMIT 1   [ RunTime:0.0000s ]
SQL: SELECT `id`,`levelname` FROM `atop_userlevel` WHERE ( 1=1 AND id='2' ) LIMIT 1   [ RunTime:0.0000s ]
SQL: SELECT `nickname` FROM `atop_user` WHERE `id` = 30 LIMIT 1   [ RunTime:0.0000s ]
SQL: SELECT `nickname` FROM `atop_user` WHERE `id` = 41 LIMIT 1   [ RunTime:0.0000s ]
SQL: SELECT `nickname` FROM `atop_user` WHERE `id` = 77 LIMIT 1   [ RunTime:0.0000s ]
SQL: SELECT `nickname` FROM `atop_user` WHERE `id` = 54 LIMIT 1   [ RunTime:0.0000s ]
SQL: SELECT `nickname` FROM `atop_user` WHERE `id` = 30 LIMIT 1   [ RunTime:0.0000s ]
SQL: SELECT `nickname` FROM `atop_user` WHERE `id` = 71 LIMIT 1   [ RunTime:0.0010s ]
SQL: SELECT `nickname` FROM `atop_user` WHERE `id` = 55 LIMIT 1   [ RunTime:0.0000s ]
SQL: SELECT `nickname` FROM `atop_user` WHERE `id` = 54 LIMIT 1   [ RunTime:0.0000s ]
SQL: SHOW COLUMNS FROM `atop_auth_group` [ RunTime:0.0010s ]
SQL: SELECT `id`,`title` FROM `atop_auth_group`  [ RunTime:0.0000s ]
INFO: [ view_parse ] --START--
INFO: [ template_filter ] --START--
INFO: Run Behavior\ContentReplaceBehavior [ RunTime:0.001000s ]
INFO: [ template_filter ] --END-- [ RunTime:0.001000s ]
NOTIC: [8] Undefined index: p E:\work\atopOA\Atop\Runtime\Cache\Home\b6f80e9a4fd9fbe5a52db76b39d95bce.php 第 147 行.
NOTIC: [8] Undefined index: p E:\work\atopOA\Atop\Runtime\Cache\Home\b6f80e9a4fd9fbe5a52db76b39d95bce.php 第 147 行.
NOTIC: [8] Undefined index: p E:\work\atopOA\Atop\Runtime\Cache\Home\b6f80e9a4fd9fbe5a52db76b39d95bce.php 第 147 行.
NOTIC: [8] Undefined index: p E:\work\atopOA\Atop\Runtime\Cache\Home\b6f80e9a4fd9fbe5a52db76b39d95bce.php 第 147 行.
NOTIC: [8] Undefined index: report_name E:\work\atopOA\Atop\Runtime\Cache\Home\b6f80e9a4fd9fbe5a52db76b39d95bce.php 第 156 行.
NOTIC: [8] Undefined index: p E:\work\atopOA\Atop\Runtime\Cache\Home\b6f80e9a4fd9fbe5a52db76b39d95bce.php 第 147 行.
NOTIC: [8] Undefined index: report_name E:\work\atopOA\Atop\Runtime\Cache\Home\b6f80e9a4fd9fbe5a52db76b39d95bce.php 第 156 行.
NOTIC: [8] Undefined index: p E:\work\atopOA\Atop\Runtime\Cache\Home\b6f80e9a4fd9fbe5a52db76b39d95bce.php 第 147 行.
NOTIC: [8] Undefined index: p E:\work\atopOA\Atop\Runtime\Cache\Home\b6f80e9a4fd9fbe5a52db76b39d95bce.php 第 147 行.
NOTIC: [8] Undefined index: p E:\work\atopOA\Atop\Runtime\Cache\Home\b6f80e9a4fd9fbe5a52db76b39d95bce.php 第 147 行.
NOTIC: [8] Undefined index: p E:\work\atopOA\Atop\Runtime\Cache\Home\b6f80e9a4fd9fbe5a52db76b39d95bce.php 第 147 行.
NOTIC: [8] Undefined index: p E:\work\atopOA\Atop\Runtime\Cache\Home\b6f80e9a4fd9fbe5a52db76b39d95bce.php 第 147 行.
INFO: Run Behavior\ParseTemplateBehavior [ RunTime:0.038003s ]
INFO: [ view_parse ] --END-- [ RunTime:0.038003s ]
INFO: [ view_filter ] --START--
INFO: Run Behavior\WriteHtmlCacheBehavior [ RunTime:0.000000s ]
INFO: [ view_filter ] --END-- [ RunTime:0.000000s ]
INFO: [ app_end ] --START--
INFO: Run Behavior\ShowPageTraceBehavior [ RunTime:0.000000s ]
INFO: [ app_end ] --END-- [ RunTime:0.001000s ]

[ 2017-03-14T17:48:33+08:00 ] 192.168.0.105 /index.php/Home/Notice/getNotice
INFO: [ app_init ] --START--
INFO: Run Behavior\BuildLiteBehavior [ RunTime:0.000000s ]
INFO: [ app_init ] --END-- [ RunTime:0.001000s ]
INFO: [ app_begin ] --START--
INFO: Run Behavior\ReadHtmlCacheBehavior [ RunTime:0.001000s ]
INFO: [ app_begin ] --END-- [ RunTime:0.002000s ]
SQL: SHOW COLUMNS FROM `atop_user` [ RunTime:0.0020s ]
SQL: SELECT `face`,`theme`,`state` FROM `atop_user` WHERE `id` = 1 LIMIT 1   [ RunTime:0.0000s ]
SQL: SHOW COLUMNS FROM `atop_notice` [ RunTime:0.0020s ]
SQL: SELECT COUNT(*) AS tp_count FROM `atop_notice` WHERE `who` = 1 AND `status` = 0 LIMIT 1   [ RunTime:0.0010s ]
INFO: [ app_end ] --START--
INFO: Run Behavior\ShowPageTraceBehavior [ RunTime:0.001000s ]
INFO: [ app_end ] --END-- [ RunTime:0.001000s ]

[ 2017-03-14T17:48:46+08:00 ] 192.168.0.105 /Organization
INFO: [ app_init ] --START--
INFO: Run Behavior\BuildLiteBehavior [ RunTime:0.000000s ]
INFO: [ app_init ] --END-- [ RunTime:0.001000s ]
INFO: [ app_begin ] --START--
INFO: Run Behavior\ReadHtmlCacheBehavior [ RunTime:0.001000s ]
INFO: [ app_begin ] --END-- [ RunTime:0.001000s ]
SQL: SHOW COLUMNS FROM `atop_user` [ RunTime:0.0010s ]
SQL: SELECT `face`,`theme`,`state` FROM `atop_user` WHERE `id` = 1 LIMIT 1   [ RunTime:0.0010s ]
SQL: SHOW COLUMNS FROM `atop_user` [ RunTime:0.0010s ]
SQL: SELECT u.id,u.nickname name,p.name title FROM atop_user u,atop_position p WHERE ( level=7 AND u.position=p.id )  [ RunTime:0.0150s ]
SQL: SHOW COLUMNS FROM `atop_user` [ RunTime:0.0000s ]
SQL: SELECT u.id,u.nickname name,p.name title FROM atop_user u,atop_position p WHERE ( u.report=76 AND u.position=p.id AND state=1 )  [ RunTime:0.0010s ]
SQL: SHOW COLUMNS FROM `atop_user` [ RunTime:0.0010s ]
SQL: SELECT u.id,u.nickname name,p.name title FROM atop_user u,atop_position p WHERE ( u.report=41 AND u.position=p.id AND state=1 )  [ RunTime:0.0010s ]
SQL: SHOW COLUMNS FROM `atop_user` [ RunTime:0.0010s ]
SQL: SELECT u.id,u.nickname name,p.name title FROM atop_user u,atop_position p WHERE ( u.report=42 AND u.position=p.id AND state=1 )  [ RunTime:0.0000s ]
SQL: SHOW COLUMNS FROM `atop_user` [ RunTime:0.0010s ]
SQL: SELECT u.id,u.nickname name,p.name title FROM atop_user u,atop_position p WHERE ( u.report=47 AND u.position=p.id AND state=1 )  [ RunTime:0.0010s ]
SQL: SHOW COLUMNS FROM `atop_user` [ RunTime:0.0010s ]
SQL: SELECT u.id,u.nickname name,p.name title FROM atop_user u,atop_position p WHERE ( u.report=50 AND u.position=p.id AND state=1 )  [ RunTime:0.0000s ]
SQL: SHOW COLUMNS FROM `atop_user` [ RunTime:0.0010s ]
SQL: SELECT u.id,u.nickname name,p.name title FROM atop_user u,atop_position p WHERE ( u.report=51 AND u.position=p.id AND state=1 )  [ RunTime:0.0000s ]
SQL: SHOW COLUMNS FROM `atop_user` [ RunTime:0.0010s ]
SQL: SELECT u.id,u.nickname name,p.name title FROM atop_user u,atop_position p WHERE ( u.report=66 AND u.position=p.id AND state=1 )  [ RunTime:0.0010s ]
SQL: SHOW COLUMNS FROM `atop_user` [ RunTime:0.0010s ]
SQL: SELECT u.id,u.nickname name,p.name title FROM atop_user u,atop_position p WHERE ( u.report=79 AND u.position=p.id AND state=1 )  [ RunTime:0.0000s ]
SQL: SHOW COLUMNS FROM `atop_user` [ RunTime:0.0000s ]
SQL: SELECT u.id,u.nickname name,p.name title FROM atop_user u,atop_position p WHERE ( u.report=43 AND u.position=p.id AND state=1 )  [ RunTime:0.0010s ]
SQL: SHOW COLUMNS FROM `atop_user` [ RunTime:0.0010s ]
SQL: SELECT u.id,u.nickname name,p.name title FROM atop_user u,atop_position p WHERE ( u.report=44 AND u.position=p.id AND state=1 )  [ RunTime:0.0000s ]
SQL: SHOW COLUMNS FROM `atop_user` [ RunTime:0.0010s ]
SQL: SELECT u.id,u.nickname name,p.name title FROM atop_user u,atop_position p WHERE ( u.report=45 AND u.position=p.id AND state=1 )  [ RunTime:0.0000s ]
SQL: SHOW COLUMNS FROM `atop_user` [ RunTime:0.0010s ]
SQL: SELECT u.id,u.nickname name,p.name title FROM atop_user u,atop_position p WHERE ( u.report=46 AND u.position=p.id AND state=1 )  [ RunTime:0.0010s ]
SQL: SHOW COLUMNS FROM `atop_user` [ RunTime:0.0010s ]
SQL: SELECT u.id,u.nickname name,p.name title FROM atop_user u,atop_position p WHERE ( u.report=48 AND u.position=p.id AND state=1 )  [ RunTime:0.0000s ]
SQL: SHOW COLUMNS FROM `atop_user` [ RunTime:0.0000s ]
SQL: SELECT u.id,u.nickname name,p.name title FROM atop_user u,atop_position p WHERE ( u.report=49 AND u.position=p.id AND state=1 )  [ RunTime:0.0010s ]
SQL: SHOW COLUMNS FROM `atop_user` [ RunTime:0.0010s ]
SQL: SELECT u.id,u.nickname name,p.name title FROM atop_user u,atop_position p WHERE ( u.report=55 AND u.position=p.id AND state=1 )  [ RunTime:0.0000s ]
SQL: SHOW COLUMNS FROM `atop_user` [ RunTime:0.0000s ]
SQL: SELECT u.id,u.nickname name,p.name title FROM atop_user u,atop_position p WHERE ( u.report=54 AND u.position=p.id AND state=1 )  [ RunTime:0.0010s ]
SQL: SHOW COLUMNS FROM `atop_user` [ RunTime:0.0010s ]
SQL: SELECT u.id,u.nickname name,p.name title FROM atop_user u,atop_position p WHERE ( u.report=32 AND u.position=p.id AND state=1 )  [ RunTime:0.0000s ]
SQL: SHOW COLUMNS FROM `atop_user` [ RunTime:0.0010s ]
SQL: SELECT u.id,u.nickname name,p.name title FROM atop_user u,atop_position p WHERE ( u.report=52 AND u.position=p.id AND state=1 )  [ RunTime:0.0000s ]
SQL: SHOW COLUMNS FROM `atop_user` [ RunTime:0.0000s ]
SQL: SELECT u.id,u.nickname name,p.name title FROM atop_user u,atop_position p WHERE ( u.report=67 AND u.position=p.id AND state=1 )  [ RunTime:0.0010s ]
SQL: SHOW COLUMNS FROM `atop_user` [ RunTime:0.0010s ]
SQL: SELECT u.id,u.nickname name,p.name title FROM atop_user u,atop_position p WHERE ( u.report=53 AND u.position=p.id AND state=1 )  [ RunTime:0.0000s ]
SQL: SHOW COLUMNS FROM `atop_user` [ RunTime:0.0010s ]
SQL: SELECT u.id,u.nickname name,p.name title FROM atop_user u,atop_position p WHERE ( u.report=68 AND u.position=p.id AND state=1 )  [ RunTime:0.0010s ]
SQL: SHOW COLUMNS FROM `atop_user` [ RunTime:0.0010s ]
SQL: SELECT u.id,u.nickname name,p.name title FROM atop_user u,atop_position p WHERE ( u.report=62 AND u.position=p.id AND state=1 )  [ RunTime:0.0000s ]
SQL: SHOW COLUMNS FROM `atop_user` [ RunTime:0.0010s ]
SQL: SELECT u.id,u.nickname name,p.name title FROM atop_user u,atop_position p WHERE ( u.report=70 AND u.position=p.id AND state=1 )  [ RunTime:0.0000s ]
SQL: SHOW COLUMNS FROM `atop_user` [ RunTime:0.0010s ]
SQL: SELECT u.id,u.nickname name,p.name title FROM atop_user u,atop_position p WHERE ( u.report=75 AND u.position=p.id AND state=1 )  [ RunTime:0.0000s ]
SQL: SHOW COLUMNS FROM `atop_user` [ RunTime:0.0010s ]
SQL: SELECT u.id,u.nickname name,p.name title FROM atop_user u,atop_position p WHERE ( u.report=56 AND u.position=p.id AND state=1 )  [ RunTime:0.0000s ]
SQL: SHOW COLUMNS FROM `atop_user` [ RunTime:0.0010s ]
SQL: SELECT u.id,u.nickname name,p.name title FROM atop_user u,atop_position p WHERE ( u.report=57 AND u.position=p.id AND state=1 )  [ RunTime:0.0000s ]
SQL: SHOW COLUMNS FROM `atop_user` [ RunTime:0.0010s ]
SQL: SELECT u.id,u.nickname name,p.name title FROM atop_user u,atop_position p WHERE ( u.report=69 AND u.position=p.id AND state=1 )  [ RunTime:0.0000s ]
SQL: SHOW COLUMNS FROM `atop_user` [ RunTime:0.0010s ]
SQL: SELECT u.id,u.nickname name,p.name title FROM atop_user u,atop_position p WHERE ( u.report=71 AND u.position=p.id AND state=1 )  [ RunTime:0.0000s ]
SQL: SHOW COLUMNS FROM `atop_user` [ RunTime:0.0010s ]
SQL: SELECT u.id,u.nickname name,p.name title FROM atop_user u,atop_position p WHERE ( u.report=72 AND u.position=p.id AND state=1 )  [ RunTime:0.0000s ]
INFO: [ view_parse ] --START--
INFO: [ template_filter ] --START--
INFO: Run Behavior\ContentReplaceBehavior [ RunTime:0.001000s ]
INFO: [ template_filter ] --END-- [ RunTime:0.001000s ]
INFO: Run Behavior\ParseTemplateBehavior [ RunTime:0.029002s ]
INFO: [ view_parse ] --END-- [ RunTime:0.029002s ]
INFO: [ view_filter ] --START--
INFO: Run Behavior\WriteHtmlCacheBehavior [ RunTime:0.001000s ]
INFO: [ view_filter ] --END-- [ RunTime:0.001000s ]
INFO: [ app_end ] --START--
INFO: Run Behavior\ShowPageTraceBehavior [ RunTime:0.001000s ]
INFO: [ app_end ] --END-- [ RunTime:0.001000s ]

[ 2017-03-14T17:48:47+08:00 ] 192.168.0.105 /index.php/Home/Notice/getNotice
INFO: [ app_init ] --START--
INFO: Run Behavior\BuildLiteBehavior [ RunTime:0.000000s ]
INFO: [ app_init ] --END-- [ RunTime:0.001000s ]
INFO: [ app_begin ] --START--
INFO: Run Behavior\ReadHtmlCacheBehavior [ RunTime:0.002000s ]
INFO: [ app_begin ] --END-- [ RunTime:0.002000s ]
SQL: SHOW COLUMNS FROM `atop_user` [ RunTime:0.0000s ]
SQL: SELECT `face`,`theme`,`state` FROM `atop_user` WHERE `id` = 1 LIMIT 1   [ RunTime:0.0000s ]
SQL: SHOW COLUMNS FROM `atop_notice` [ RunTime:0.0000s ]
SQL: SELECT COUNT(*) AS tp_count FROM `atop_notice` WHERE `who` = 1 AND `status` = 0 LIMIT 1   [ RunTime:0.0000s ]
INFO: [ app_end ] --START--
INFO: Run Behavior\ShowPageTraceBehavior [ RunTime:0.001000s ]
INFO: [ app_end ] --END-- [ RunTime:0.001000s ]

[ 2017-03-14T17:48:58+08:00 ] 192.168.0.105 /System
INFO: [ app_init ] --START--
INFO: Run Behavior\BuildLiteBehavior [ RunTime:0.000000s ]
INFO: [ app_init ] --END-- [ RunTime:0.001000s ]
INFO: [ app_begin ] --START--
INFO: Run Behavior\ReadHtmlCacheBehavior [ RunTime:0.001000s ]
INFO: [ app_begin ] --END-- [ RunTime:0.002000s ]
SQL: SHOW COLUMNS FROM `atop_user` [ RunTime:0.0010s ]
SQL: SELECT `face`,`theme`,`state` FROM `atop_user` WHERE `id` = 1 LIMIT 1   [ RunTime:0.0000s ]
INFO: [ view_parse ] --START--
INFO: [ template_filter ] --START--
INFO: Run Behavior\ContentReplaceBehavior [ RunTime:0.000000s ]
INFO: [ template_filter ] --END-- [ RunTime:0.000000s ]
INFO: Run Behavior\ParseTemplateBehavior [ RunTime:0.031001s ]
INFO: [ view_parse ] --END-- [ RunTime:0.031001s ]
INFO: [ view_filter ] --START--
INFO: Run Behavior\WriteHtmlCacheBehavior [ RunTime:0.001000s ]
INFO: [ view_filter ] --END-- [ RunTime:0.001000s ]
INFO: [ app_end ] --START--
INFO: Run Behavior\ShowPageTraceBehavior [ RunTime:0.001000s ]
INFO: [ app_end ] --END-- [ RunTime:0.001000s ]

[ 2017-03-14T17:48:58+08:00 ] 192.168.0.105 /index.php/Home/Notice/getNotice
INFO: [ app_init ] --START--
INFO: Run Behavior\BuildLiteBehavior [ RunTime:0.000000s ]
INFO: [ app_init ] --END-- [ RunTime:0.002000s ]
INFO: [ app_begin ] --START--
INFO: Run Behavior\ReadHtmlCacheBehavior [ RunTime:0.001000s ]
INFO: [ app_begin ] --END-- [ RunTime:0.001000s ]
SQL: SHOW COLUMNS FROM `atop_user` [ RunTime:0.0010s ]
SQL: SELECT `face`,`theme`,`state` FROM `atop_user` WHERE `id` = 1 LIMIT 1   [ RunTime:0.0000s ]
SQL: SHOW COLUMNS FROM `atop_notice` [ RunTime:0.0000s ]
SQL: SELECT COUNT(*) AS tp_count FROM `atop_notice` WHERE `who` = 1 AND `status` = 0 LIMIT 1   [ RunTime:0.0010s ]
INFO: [ app_end ] --START--
INFO: Run Behavior\ShowPageTraceBehavior [ RunTime:0.000000s ]
INFO: [ app_end ] --END-- [ RunTime:0.000000s ]

[ 2017-03-14T17:49:04+08:00 ] 192.168.0.105 /Manage
INFO: [ app_init ] --START--
INFO: Run Behavior\BuildLiteBehavior [ RunTime:0.000000s ]
INFO: [ app_init ] --END-- [ RunTime:0.001000s ]
INFO: [ app_begin ] --START--
INFO: Run Behavior\ReadHtmlCacheBehavior [ RunTime:0.002000s ]
INFO: [ app_begin ] --END-- [ RunTime:0.002000s ]
SQL: SHOW COLUMNS FROM `atop_user` [ RunTime:0.0000s ]
SQL: SELECT `face`,`theme`,`state` FROM `atop_user` WHERE `id` = 1 LIMIT 1   [ RunTime:0.0000s ]
SQL: SHOW COLUMNS FROM `atop_user` [ RunTime:0.0010s ]
SQL: SELECT COUNT(*) AS tp_count FROM `atop_user` WHERE ( id<>1 AND state=1 ) LIMIT 1   [ RunTime:0.0010s ]
SQL: SELECT * FROM `atop_user` WHERE ( id<>1 AND state=1 ) ORDER BY id DESC LIMIT 0,10   [ RunTime:0.0000s ]
SQL: SHOW COLUMNS FROM `atop_position` [ RunTime:0.0210s ]
SQL: SELECT `id`,`name` FROM `atop_position` WHERE ( 1=1 AND id='3' ) LIMIT 1   [ RunTime:0.0000s ]
SQL: SHOW COLUMNS FROM `atop_department` [ RunTime:0.0030s ]
SQL: SELECT `id`,`name` FROM `atop_department` WHERE ( 1=1 AND id='4' ) LIMIT 1   [ RunTime:0.0000s ]
SQL: SHOW COLUMNS FROM `atop_userlevel` [ RunTime:0.0000s ]
SQL: SELECT `id`,`levelname` FROM `atop_userlevel` WHERE ( 1=1 AND id='2' ) LIMIT 1   [ RunTime:0.0010s ]
SQL: SELECT `id`,`name` FROM `atop_position` WHERE ( 1=1 AND id='3' ) LIMIT 1   [ RunTime:0.0000s ]
SQL: SELECT `id`,`name` FROM `atop_department` WHERE ( 1=1 AND id='4' ) LIMIT 1   [ RunTime:0.0000s ]
SQL: SELECT `id`,`levelname` FROM `atop_userlevel` WHERE ( 1=1 AND id='2' ) LIMIT 1   [ RunTime:0.0010s ]
SQL: SELECT `id`,`name` FROM `atop_position` WHERE ( 1=1 AND id='21' ) LIMIT 1   [ RunTime:0.0000s ]
SQL: SELECT `id`,`name` FROM `atop_department` WHERE ( 1=1 AND id='7' ) LIMIT 1   [ RunTime:0.0000s ]
SQL: SELECT `id`,`levelname` FROM `atop_userlevel` WHERE ( 1=1 AND id='1' ) LIMIT 1   [ RunTime:0.0000s ]
SQL: SELECT `id`,`name` FROM `atop_position` WHERE ( 1=1 AND id='20' ) LIMIT 1   [ RunTime:0.0000s ]
SQL: SELECT `id`,`name` FROM `atop_department` WHERE ( 1=1 AND id='7' ) LIMIT 1   [ RunTime:0.0000s ]
SQL: SELECT `id`,`levelname` FROM `atop_userlevel` WHERE ( 1=1 AND id='1' ) LIMIT 1   [ RunTime:0.0000s ]
SQL: SELECT `id`,`name` FROM `atop_position` WHERE ( 1=1 AND id='1' ) LIMIT 1   [ RunTime:0.0000s ]
SQL: SELECT `id`,`name` FROM `atop_department` WHERE ( 1=1 AND id='4' ) LIMIT 1   [ RunTime:0.0010s ]
SQL: SELECT `id`,`levelname` FROM `atop_userlevel` WHERE ( 1=1 AND id='7' ) LIMIT 1   [ RunTime:0.0000s ]
SQL: SELECT `id`,`name` FROM `atop_position` WHERE ( 1=1 AND id='11' ) LIMIT 1   [ RunTime:0.0000s ]
SQL: SELECT `id`,`name` FROM `atop_department` WHERE ( 1=1 AND id='1' ) LIMIT 1   [ RunTime:0.0010s ]
SQL: SELECT `id`,`levelname` FROM `atop_userlevel` WHERE ( 1=1 AND id='2' ) LIMIT 1   [ RunTime:0.0000s ]
SQL: SELECT `id`,`name` FROM `atop_position` WHERE ( 1=1 AND id='10' ) LIMIT 1   [ RunTime:0.0000s ]
SQL: SELECT `id`,`name` FROM `atop_department` WHERE ( 1=1 AND id='1' ) LIMIT 1   [ RunTime:0.0010s ]
SQL: SELECT `id`,`levelname` FROM `atop_userlevel` WHERE ( 1=1 AND id='1' ) LIMIT 1   [ RunTime:0.0000s ]
SQL: SELECT `id`,`name` FROM `atop_position` WHERE ( 1=1 AND id='19' ) LIMIT 1   [ RunTime:0.0000s ]
SQL: SELECT `id`,`name` FROM `atop_department` WHERE ( 1=1 AND id='5' ) LIMIT 1   [ RunTime:0.0000s ]
SQL: SELECT `id`,`levelname` FROM `atop_userlevel` WHERE ( 1=1 AND id='2' ) LIMIT 1   [ RunTime:0.0000s ]
SQL: SELECT `id`,`name` FROM `atop_position` WHERE ( 1=1 AND id='18' ) LIMIT 1   [ RunTime:0.0000s ]
SQL: SELECT `id`,`name` FROM `atop_department` WHERE ( 1=1 AND id='5' ) LIMIT 1   [ RunTime:0.0000s ]
SQL: SELECT `id`,`levelname` FROM `atop_userlevel` WHERE ( 1=1 AND id='4' ) LIMIT 1   [ RunTime:0.0000s ]
SQL: SELECT `id`,`name` FROM `atop_position` WHERE ( 1=1 AND id='22' ) LIMIT 1   [ RunTime:0.0010s ]
SQL: SELECT `id`,`name` FROM `atop_department` WHERE ( 1=1 AND id='1' ) LIMIT 1   [ RunTime:0.0000s ]
SQL: SELECT `id`,`levelname` FROM `atop_userlevel` WHERE ( 1=1 AND id='2' ) LIMIT 1   [ RunTime:0.0000s ]
SQL: SELECT `nickname` FROM `atop_user` WHERE `id` = 30 LIMIT 1   [ RunTime:0.0010s ]
SQL: SELECT `nickname` FROM `atop_user` WHERE `id` = 41 LIMIT 1   [ RunTime:0.0000s ]
SQL: SELECT `nickname` FROM `atop_user` WHERE `id` = 77 LIMIT 1   [ RunTime:0.0000s ]
SQL: SELECT `nickname` FROM `atop_user` WHERE `id` = 54 LIMIT 1   [ RunTime:0.0010s ]
SQL: SELECT `nickname` FROM `atop_user` WHERE `id` = 30 LIMIT 1   [ RunTime:0.0000s ]
SQL: SELECT `nickname` FROM `atop_user` WHERE `id` = 71 LIMIT 1   [ RunTime:0.0000s ]
SQL: SELECT `nickname` FROM `atop_user` WHERE `id` = 55 LIMIT 1   [ RunTime:0.0000s ]
SQL: SELECT `nickname` FROM `atop_user` WHERE `id` = 54 LIMIT 1   [ RunTime:0.0000s ]
SQL: SHOW COLUMNS FROM `atop_auth_group` [ RunTime:0.0010s ]
SQL: SELECT `id`,`title` FROM `atop_auth_group`  [ RunTime:0.0000s ]
INFO: [ view_parse ] --START--
INFO: [ template_filter ] --START--
INFO: Run Behavior\ContentReplaceBehavior [ RunTime:0.000000s ]
INFO: [ template_filter ] --END-- [ RunTime:0.000000s ]
NOTIC: [8] Undefined index: p E:\work\atopOA\Atop\Runtime\Cache\Home\b6f80e9a4fd9fbe5a52db76b39d95bce.php 第 147 行.
NOTIC: [8] Undefined index: p E:\work\atopOA\Atop\Runtime\Cache\Home\b6f80e9a4fd9fbe5a52db76b39d95bce.php 第 147 行.
NOTIC: [8] Undefined index: p E:\work\atopOA\Atop\Runtime\Cache\Home\b6f80e9a4fd9fbe5a52db76b39d95bce.php 第 147 行.
NOTIC: [8] Undefined index: p E:\work\atopOA\Atop\Runtime\Cache\Home\b6f80e9a4fd9fbe5a52db76b39d95bce.php 第 147 行.
NOTIC: [8] Undefined index: report_name E:\work\atopOA\Atop\Runtime\Cache\Home\b6f80e9a4fd9fbe5a52db76b39d95bce.php 第 156 行.
NOTIC: [8] Undefined index: p E:\work\atopOA\Atop\Runtime\Cache\Home\b6f80e9a4fd9fbe5a52db76b39d95bce.php 第 147 行.
NOTIC: [8] Undefined index: report_name E:\work\atopOA\Atop\Runtime\Cache\Home\b6f80e9a4fd9fbe5a52db76b39d95bce.php 第 156 行.
NOTIC: [8] Undefined index: p E:\work\atopOA\Atop\Runtime\Cache\Home\b6f80e9a4fd9fbe5a52db76b39d95bce.php 第 147 行.
NOTIC: [8] Undefined index: p E:\work\atopOA\Atop\Runtime\Cache\Home\b6f80e9a4fd9fbe5a52db76b39d95bce.php 第 147 行.
NOTIC: [8] Undefined index: p E:\work\atopOA\Atop\Runtime\Cache\Home\b6f80e9a4fd9fbe5a52db76b39d95bce.php 第 147 行.
NOTIC: [8] Undefined index: p E:\work\atopOA\Atop\Runtime\Cache\Home\b6f80e9a4fd9fbe5a52db76b39d95bce.php 第 147 行.
NOTIC: [8] Undefined index: p E:\work\atopOA\Atop\Runtime\Cache\Home\b6f80e9a4fd9fbe5a52db76b39d95bce.php 第 147 行.
INFO: Run Behavior\ParseTemplateBehavior [ RunTime:0.025002s ]
INFO: [ view_parse ] --END-- [ RunTime:0.025002s ]
INFO: [ view_filter ] --START--
INFO: Run Behavior\WriteHtmlCacheBehavior [ RunTime:0.001000s ]
INFO: [ view_filter ] --END-- [ RunTime:0.001000s ]
INFO: [ app_end ] --START--
INFO: Run Behavior\ShowPageTraceBehavior [ RunTime:0.001000s ]
INFO: [ app_end ] --END-- [ RunTime:0.001000s ]

[ 2017-03-14T17:49:05+08:00 ] 192.168.0.105 /index.php/Home/Notice/getNotice
INFO: [ app_init ] --START--
INFO: Run Behavior\BuildLiteBehavior [ RunTime:0.000000s ]
INFO: [ app_init ] --END-- [ RunTime:0.001000s ]
INFO: [ app_begin ] --START--
INFO: Run Behavior\ReadHtmlCacheBehavior [ RunTime:0.001000s ]
INFO: [ app_begin ] --END-- [ RunTime:0.001000s ]
SQL: SHOW COLUMNS FROM `atop_user` [ RunTime:0.0010s ]
SQL: SELECT `face`,`theme`,`state` FROM `atop_user` WHERE `id` = 1 LIMIT 1   [ RunTime:0.0010s ]
SQL: SHOW COLUMNS FROM `atop_notice` [ RunTime:0.0000s ]
SQL: SELECT COUNT(*) AS tp_count FROM `atop_notice` WHERE `who` = 1 AND `status` = 0 LIMIT 1   [ RunTime:0.0010s ]
INFO: [ app_end ] --START--
INFO: Run Behavior\ShowPageTraceBehavior [ RunTime:0.001000s ]
INFO: [ app_end ] --END-- [ RunTime:0.001000s ]

[ 2017-03-14T17:49:10+08:00 ] 192.168.0.105 /Compatibility
INFO: [ app_init ] --START--
INFO: Run Behavior\BuildLiteBehavior [ RunTime:0.000000s ]
INFO: [ app_init ] --END-- [ RunTime:0.002000s ]
INFO: [ app_begin ] --START--
INFO: Run Behavior\ReadHtmlCacheBehavior [ RunTime:0.002000s ]
INFO: [ app_begin ] --END-- [ RunTime:0.003000s ]
SQL: SHOW COLUMNS FROM `atop_user` [ RunTime:0.0010s ]
SQL: SELECT `face`,`theme`,`state` FROM `atop_user` WHERE `id` = 1 LIMIT 1   [ RunTime:0.0010s ]
SQL: SHOW COLUMNS FROM `atop_compatibility` [ RunTime:0.1200s ]
SQL: SELECT COUNT(*) AS tp_count FROM `atop_compatibility` LIMIT 1   [ RunTime:0.0060s ]
SQL: SELECT * FROM `atop_compatibility` ORDER BY createtime DESC LIMIT 0,10   [ RunTime:0.0020s ]
SQL: SHOW COLUMNS FROM `atop_vendor_brand` [ RunTime:0.0740s ]
SQL: SELECT * FROM `atop_vendor_brand` WHERE ( 1=1 AND id='2' ) LIMIT 1   [ RunTime:0.0010s ]
SQL: SHOW COLUMNS FROM `atop_productrelationships` [ RunTime:0.0600s ]
SQL: SELECT * FROM `atop_productrelationships` WHERE ( 1=1 AND id='2' ) LIMIT 1   [ RunTime:0.0080s ]
SQL: SELECT * FROM `atop_vendor_brand` WHERE ( 1=1 AND id='19' ) LIMIT 1   [ RunTime:0.0010s ]
SQL: SELECT * FROM `atop_productrelationships` WHERE ( 1=1 AND id='391' ) LIMIT 1   [ RunTime:0.0000s ]
SQL: SELECT * FROM `atop_vendor_brand` WHERE ( 1=1 AND id='19' ) LIMIT 1   [ RunTime:0.0010s ]
SQL: SELECT * FROM `atop_productrelationships` WHERE ( 1=1 AND id='386' ) LIMIT 1   [ RunTime:0.0000s ]
SQL: SELECT * FROM `atop_vendor_brand` WHERE ( 1=1 AND id='19' ) LIMIT 1   [ RunTime:0.0000s ]
SQL: SELECT * FROM `atop_productrelationships` WHERE ( 1=1 AND id='299' ) LIMIT 1   [ RunTime:0.0010s ]
SQL: SELECT * FROM `atop_vendor_brand` WHERE ( 1=1 AND id='19' ) LIMIT 1   [ RunTime:0.0000s ]
SQL: SELECT * FROM `atop_productrelationships` WHERE ( 1=1 AND id='290' ) LIMIT 1   [ RunTime:0.0010s ]
SQL: SELECT * FROM `atop_vendor_brand` WHERE ( 1=1 AND id='19' ) LIMIT 1   [ RunTime:0.0010s ]
SQL: SELECT * FROM `atop_productrelationships` WHERE ( 1=1 AND id='29' ) LIMIT 1   [ RunTime:0.0000s ]
SQL: SELECT * FROM `atop_vendor_brand` WHERE ( 1=1 AND id='19' ) LIMIT 1   [ RunTime:0.0000s ]
SQL: SELECT * FROM `atop_productrelationships` WHERE ( 1=1 AND id='27' ) LIMIT 1   [ RunTime:0.0010s ]
SQL: SELECT * FROM `atop_vendor_brand` WHERE ( 1=1 AND id='19' ) LIMIT 1   [ RunTime:0.0000s ]
SQL: SELECT * FROM `atop_productrelationships` WHERE ( 1=1 AND id='33' ) LIMIT 1   [ RunTime:0.0000s ]
SQL: SELECT * FROM `atop_vendor_brand` WHERE ( 1=1 AND id='19' ) LIMIT 1   [ RunTime:0.0000s ]
SQL: SELECT * FROM `atop_productrelationships` WHERE ( 1=1 AND id='25' ) LIMIT 1   [ RunTime:0.0000s ]
SQL: SELECT * FROM `atop_vendor_brand` WHERE ( 1=1 AND id='19' ) LIMIT 1   [ RunTime:0.0000s ]
SQL: SELECT * FROM `atop_productrelationships` WHERE ( 1=1 AND id='461' ) LIMIT 1   [ RunTime:0.0010s ]
SQL: SHOW COLUMNS FROM `atop_productrelationships` [ RunTime:0.0000s ]
SQL: SELECT DISTINCT  `type` FROM `atop_productrelationships` ORDER BY type  [ RunTime:0.0020s ]
SQL: SELECT DISTINCT  `wavelength` FROM `atop_productrelationships` ORDER BY wavelength  [ RunTime:0.0180s ]
SQL: SELECT DISTINCT  `connector` FROM `atop_productrelationships`  [ RunTime:0.0010s ]
SQL: SELECT DISTINCT  `casetemp` FROM `atop_productrelationships`  [ RunTime:0.0010s ]
SQL: SELECT DISTINCT  `reach` FROM `atop_productrelationships`  [ RunTime:0.0020s ]
SQL: SHOW COLUMNS FROM `atop_user` [ RunTime:0.0010s ]
SQL: SELECT p.pn,p.id pid,u.nickname,p.wavelength,p.reach,p.connector,p.casetemp,p.type,u.id uid,p.manager FROM atop_user u,atop_productrelationships p WHERE ( p.manager=u.id )  [ RunTime:0.0030s ]
SQL: SHOW COLUMNS FROM `atop_vendor_brand` [ RunTime:0.0010s ]
SQL: SELECT * FROM `atop_vendor_brand` ORDER BY brand  [ RunTime:0.0010s ]
INFO: [ view_parse ] --START--
INFO: [ template_filter ] --START--
INFO: Run Behavior\ContentReplaceBehavior [ RunTime:0.000000s ]
INFO: [ template_filter ] --END-- [ RunTime:0.000000s ]
NOTIC: [8] Undefined index: search E:\work\atopOA\Atop\Runtime\Cache\Home\3c9e8ef00c0f33f8d1ffc627cc1004c1.php 第 114 行.
NOTIC: [8] Undefined index: pn E:\work\atopOA\Atop\Runtime\Cache\Home\3c9e8ef00c0f33f8d1ffc627cc1004c1.php 第 120 行.
NOTIC: [8] Undefined index: vendor E:\work\atopOA\Atop\Runtime\Cache\Home\3c9e8ef00c0f33f8d1ffc627cc1004c1.php 第 120 行.
NOTIC: [8] Undefined index: model E:\work\atopOA\Atop\Runtime\Cache\Home\3c9e8ef00c0f33f8d1ffc627cc1004c1.php 第 120 行.
NOTIC: [8] Undefined index: search E:\work\atopOA\Atop\Runtime\Cache\Home\3c9e8ef00c0f33f8d1ffc627cc1004c1.php 第 120 行.
NOTIC: [8] Undefined index: state E:\work\atopOA\Atop\Runtime\Cache\Home\3c9e8ef00c0f33f8d1ffc627cc1004c1.php 第 120 行.
NOTIC: [8] Undefined variable: condition E:\work\atopOA\Atop\Runtime\Cache\Home\3c9e8ef00c0f33f8d1ffc627cc1004c1.php 第 142 行.
NOTIC: [8] Undefined variable: condition E:\work\atopOA\Atop\Runtime\Cache\Home\3c9e8ef00c0f33f8d1ffc627cc1004c1.php 第 145 行.
NOTIC: [8] Undefined variable: condition E:\work\atopOA\Atop\Runtime\Cache\Home\3c9e8ef00c0f33f8d1ffc627cc1004c1.php 第 148 行.
NOTIC: [8] Undefined index: p E:\work\atopOA\Atop\Runtime\Cache\Home\3c9e8ef00c0f33f8d1ffc627cc1004c1.php 第 187 行.
NOTIC: [8] Undefined index: p E:\work\atopOA\Atop\Runtime\Cache\Home\3c9e8ef00c0f33f8d1ffc627cc1004c1.php 第 187 行.
NOTIC: [8] Undefined index: p E:\work\atopOA\Atop\Runtime\Cache\Home\3c9e8ef00c0f33f8d1ffc627cc1004c1.php 第 187 行.
NOTIC: [8] Undefined index: p E:\work\atopOA\Atop\Runtime\Cache\Home\3c9e8ef00c0f33f8d1ffc627cc1004c1.php 第 187 行.
NOTIC: [8] Undefined index: p E:\work\atopOA\Atop\Runtime\Cache\Home\3c9e8ef00c0f33f8d1ffc627cc1004c1.php 第 187 行.
NOTIC: [8] Undefined index: p E:\work\atopOA\Atop\Runtime\Cache\Home\3c9e8ef00c0f33f8d1ffc627cc1004c1.php 第 187 行.
NOTIC: [8] Undefined index: p E:\work\atopOA\Atop\Runtime\Cache\Home\3c9e8ef00c0f33f8d1ffc627cc1004c1.php 第 187 行.
NOTIC: [8] Undefined index: p E:\work\atopOA\Atop\Runtime\Cache\Home\3c9e8ef00c0f33f8d1ffc627cc1004c1.php 第 187 行.
NOTIC: [8] Undefined index: p E:\work\atopOA\Atop\Runtime\Cache\Home\3c9e8ef00c0f33f8d1ffc627cc1004c1.php 第 187 行.
NOTIC: [8] Undefined index: p E:\work\atopOA\Atop\Runtime\Cache\Home\3c9e8ef00c0f33f8d1ffc627cc1004c1.php 第 187 行.
INFO: Run Behavior\ParseTemplateBehavior [ RunTime:0.080004s ]
INFO: [ view_parse ] --END-- [ RunTime:0.080004s ]
INFO: [ view_filter ] --START--
INFO: Run Behavior\WriteHtmlCacheBehavior [ RunTime:0.000000s ]
INFO: [ view_filter ] --END-- [ RunTime:0.000000s ]
INFO: [ app_end ] --START--
INFO: Run Behavior\ShowPageTraceBehavior [ RunTime:0.001001s ]
INFO: [ app_end ] --END-- [ RunTime:0.001001s ]

[ 2017-03-14T17:49:11+08:00 ] 192.168.0.105 /index.php/Home/Notice/getNotice
INFO: [ app_init ] --START--
INFO: Run Behavior\BuildLiteBehavior [ RunTime:0.000000s ]
INFO: [ app_init ] --END-- [ RunTime:0.001000s ]
INFO: [ app_begin ] --START--
INFO: Run Behavior\ReadHtmlCacheBehavior [ RunTime:0.001000s ]
INFO: [ app_begin ] --END-- [ RunTime:0.001000s ]
SQL: SHOW COLUMNS FROM `atop_user` [ RunTime:0.0000s ]
SQL: SELECT `face`,`theme`,`state` FROM `atop_user` WHERE `id` = 1 LIMIT 1   [ RunTime:0.0000s ]
SQL: SHOW COLUMNS FROM `atop_notice` [ RunTime:0.0000s ]
SQL: SELECT COUNT(*) AS tp_count FROM `atop_notice` WHERE `who` = 1 AND `status` = 0 LIMIT 1   [ RunTime:0.0000s ]
INFO: [ app_end ] --START--
INFO: Run Behavior\ShowPageTraceBehavior [ RunTime:0.001000s ]
INFO: [ app_end ] --END-- [ RunTime:0.001000s ]

[ 2017-03-14T17:49:27+08:00 ] 192.168.0.106 /index.php/Home/Notice/getNotice
INFO: [ app_init ] --START--
INFO: Run Behavior\BuildLiteBehavior [ RunTime:0.000000s ]
INFO: [ app_init ] --END-- [ RunTime:0.000000s ]
INFO: [ app_begin ] --START--
INFO: Run Behavior\ReadHtmlCacheBehavior [ RunTime:0.000000s ]
INFO: [ app_begin ] --END-- [ RunTime:0.000000s ]
SQL: SHOW COLUMNS FROM `atop_user` [ RunTime:0.0010s ]
SQL: SELECT `face`,`theme`,`state` FROM `atop_user` WHERE `id` = 70 LIMIT 1   [ RunTime:0.0010s ]
SQL: SHOW COLUMNS FROM `atop_auth_group_access` [ RunTime:0.0000s ]
SQL: SELECT `uid`,`group_id`,`title`,`rules` FROM atop_auth_group_access a INNER JOIN atop_auth_group g on a.group_id=g.id  WHERE ( a.uid='70' and g.status='1' )  [ RunTime:0.0010s ]
SQL: SHOW COLUMNS FROM `atop_auth_rule` [ RunTime:0.0000s ]
SQL: SELECT `condition`,`name` FROM `atop_auth_rule` WHERE `id` IN ('1','2','4','5','6','7','8','9','10','12','13') AND `type` = 1 AND `status` = 1  [ RunTime:0.0000s ]
SQL: SHOW COLUMNS FROM `atop_notice` [ RunTime:0.0050s ]
SQL: SELECT COUNT(*) AS tp_count FROM `atop_notice` WHERE `who` = 70 AND `status` = 0 LIMIT 1   [ RunTime:0.0000s ]
INFO: [ app_end ] --START--
INFO: Run Behavior\ShowPageTraceBehavior [ RunTime:0.000000s ]
INFO: [ app_end ] --END-- [ RunTime:0.001000s ]

[ 2017-03-14T17:50:27+08:00 ] 192.168.0.106 /index.php/Home/Notice/getNotice
INFO: [ app_init ] --START--
INFO: Run Behavior\BuildLiteBehavior [ RunTime:0.000000s ]
INFO: [ app_init ] --END-- [ RunTime:0.001000s ]
INFO: [ app_begin ] --START--
INFO: Run Behavior\ReadHtmlCacheBehavior [ RunTime:0.002000s ]
INFO: [ app_begin ] --END-- [ RunTime:0.002000s ]
SQL: SHOW COLUMNS FROM `atop_user` [ RunTime:0.0010s ]
SQL: SELECT `face`,`theme`,`state` FROM `atop_user` WHERE `id` = 70 LIMIT 1   [ RunTime:0.0000s ]
SQL: SHOW COLUMNS FROM `atop_auth_group_access` [ RunTime:0.0010s ]
SQL: SELECT `uid`,`group_id`,`title`,`rules` FROM atop_auth_group_access a INNER JOIN atop_auth_group g on a.group_id=g.id  WHERE ( a.uid='70' and g.status='1' )  [ RunTime:0.0000s ]
SQL: SHOW COLUMNS FROM `atop_auth_rule` [ RunTime:0.0000s ]
SQL: SELECT `condition`,`name` FROM `atop_auth_rule` WHERE `id` IN ('1','2','4','5','6','7','8','9','10','12','13') AND `type` = 1 AND `status` = 1  [ RunTime:0.0010s ]
SQL: SHOW COLUMNS FROM `atop_notice` [ RunTime:0.0010s ]
SQL: SELECT COUNT(*) AS tp_count FROM `atop_notice` WHERE `who` = 70 AND `status` = 0 LIMIT 1   [ RunTime:0.0000s ]
INFO: [ app_end ] --START--
INFO: Run Behavior\ShowPageTraceBehavior [ RunTime:0.001000s ]
INFO: [ app_end ] --END-- [ RunTime:0.001000s ]

[ 2017-03-14T17:51:27+08:00 ] 192.168.0.106 /index.php/Home/Notice/getNotice
INFO: [ app_init ] --START--
INFO: Run Behavior\BuildLiteBehavior [ RunTime:0.000000s ]
INFO: [ app_init ] --END-- [ RunTime:0.001000s ]
INFO: [ app_begin ] --START--
INFO: Run Behavior\ReadHtmlCacheBehavior [ RunTime:0.001000s ]
INFO: [ app_begin ] --END-- [ RunTime:0.001000s ]
SQL: SHOW COLUMNS FROM `atop_user` [ RunTime:0.0010s ]
SQL: SELECT `face`,`theme`,`state` FROM `atop_user` WHERE `id` = 70 LIMIT 1   [ RunTime:0.0010s ]
SQL: SHOW COLUMNS FROM `atop_auth_group_access` [ RunTime:0.0000s ]
SQL: SELECT `uid`,`group_id`,`title`,`rules` FROM atop_auth_group_access a INNER JOIN atop_auth_group g on a.group_id=g.id  WHERE ( a.uid='70' and g.status='1' )  [ RunTime:0.0010s ]
SQL: SHOW COLUMNS FROM `atop_auth_rule` [ RunTime:0.0000s ]
SQL: SELECT `condition`,`name` FROM `atop_auth_rule` WHERE `id` IN ('1','2','4','5','6','7','8','9','10','12','13') AND `type` = 1 AND `status` = 1  [ RunTime:0.0000s ]
SQL: SHOW COLUMNS FROM `atop_notice` [ RunTime:0.0000s ]
SQL: SELECT COUNT(*) AS tp_count FROM `atop_notice` WHERE `who` = 70 AND `status` = 0 LIMIT 1   [ RunTime:0.0000s ]
INFO: [ app_end ] --START--
INFO: Run Behavior\ShowPageTraceBehavior [ RunTime:0.001000s ]
INFO: [ app_end ] --END-- [ RunTime:0.001000s ]

[ 2017-03-14T17:52:27+08:00 ] 192.168.0.106 /index.php/Home/Notice/getNotice
INFO: [ app_init ] --START--
INFO: Run Behavior\BuildLiteBehavior [ RunTime:0.000000s ]
INFO: [ app_init ] --END-- [ RunTime:0.001000s ]
INFO: [ app_begin ] --START--
INFO: Run Behavior\ReadHtmlCacheBehavior [ RunTime:0.001000s ]
INFO: [ app_begin ] --END-- [ RunTime:0.001000s ]
SQL: SHOW COLUMNS FROM `atop_user` [ RunTime:0.0010s ]
SQL: SELECT `face`,`theme`,`state` FROM `atop_user` WHERE `id` = 70 LIMIT 1   [ RunTime:0.0010s ]
SQL: SHOW COLUMNS FROM `atop_auth_group_access` [ RunTime:0.0000s ]
SQL: SELECT `uid`,`group_id`,`title`,`rules` FROM atop_auth_group_access a INNER JOIN atop_auth_group g on a.group_id=g.id  WHERE ( a.uid='70' and g.status='1' )  [ RunTime:0.0000s ]
SQL: SHOW COLUMNS FROM `atop_auth_rule` [ RunTime:0.0010s ]
SQL: SELECT `condition`,`name` FROM `atop_auth_rule` WHERE `id` IN ('1','2','4','5','6','7','8','9','10','12','13') AND `type` = 1 AND `status` = 1  [ RunTime:0.0000s ]
SQL: SHOW COLUMNS FROM `atop_notice` [ RunTime:0.0130s ]
SQL: SELECT COUNT(*) AS tp_count FROM `atop_notice` WHERE `who` = 70 AND `status` = 0 LIMIT 1   [ RunTime:0.0000s ]
INFO: [ app_end ] --START--
INFO: Run Behavior\ShowPageTraceBehavior [ RunTime:0.001000s ]
INFO: [ app_end ] --END-- [ RunTime:0.001000s ]

[ 2017-03-14T17:53:27+08:00 ] 192.168.0.106 /index.php/Home/Notice/getNotice
INFO: [ app_init ] --START--
INFO: Run Behavior\BuildLiteBehavior [ RunTime:0.000000s ]
INFO: [ app_init ] --END-- [ RunTime:0.000000s ]
INFO: [ app_begin ] --START--
INFO: Run Behavior\ReadHtmlCacheBehavior [ RunTime:0.001000s ]
INFO: [ app_begin ] --END-- [ RunTime:0.001000s ]
SQL: SHOW COLUMNS FROM `atop_user` [ RunTime:0.0000s ]
SQL: SELECT `face`,`theme`,`state` FROM `atop_user` WHERE `id` = 70 LIMIT 1   [ RunTime:0.0010s ]
SQL: SHOW COLUMNS FROM `atop_auth_group_access` [ RunTime:0.0000s ]
SQL: SELECT `uid`,`group_id`,`title`,`rules` FROM atop_auth_group_access a INNER JOIN atop_auth_group g on a.group_id=g.id  WHERE ( a.uid='70' and g.status='1' )  [ RunTime:0.0010s ]
SQL: SHOW COLUMNS FROM `atop_auth_rule` [ RunTime:0.0010s ]
SQL: SELECT `condition`,`name` FROM `atop_auth_rule` WHERE `id` IN ('1','2','4','5','6','7','8','9','10','12','13') AND `type` = 1 AND `status` = 1  [ RunTime:0.0010s ]
SQL: SHOW COLUMNS FROM `atop_notice` [ RunTime:0.0000s ]
SQL: SELECT COUNT(*) AS tp_count FROM `atop_notice` WHERE `who` = 70 AND `status` = 0 LIMIT 1   [ RunTime:0.0000s ]
INFO: [ app_end ] --START--
INFO: Run Behavior\ShowPageTraceBehavior [ RunTime:0.000000s ]
INFO: [ app_end ] --END-- [ RunTime:0.000000s ]

[ 2017-03-14T17:54:27+08:00 ] 192.168.0.106 /index.php/Home/Notice/getNotice
INFO: [ app_init ] --START--
INFO: Run Behavior\BuildLiteBehavior [ RunTime:0.000000s ]
INFO: [ app_init ] --END-- [ RunTime:0.001000s ]
INFO: [ app_begin ] --START--
INFO: Run Behavior\ReadHtmlCacheBehavior [ RunTime:0.000000s ]
INFO: [ app_begin ] --END-- [ RunTime:0.000000s ]
SQL: SHOW COLUMNS FROM `atop_user` [ RunTime:0.0010s ]
SQL: SELECT `face`,`theme`,`state` FROM `atop_user` WHERE `id` = 70 LIMIT 1   [ RunTime:0.0000s ]
SQL: SHOW COLUMNS FROM `atop_auth_group_access` [ RunTime:0.0010s ]
SQL: SELECT `uid`,`group_id`,`title`,`rules` FROM atop_auth_group_access a INNER JOIN atop_auth_group g on a.group_id=g.id  WHERE ( a.uid='70' and g.status='1' )  [ RunTime:0.0010s ]
SQL: SHOW COLUMNS FROM `atop_auth_rule` [ RunTime:0.0010s ]
SQL: SELECT `condition`,`name` FROM `atop_auth_rule` WHERE `id` IN ('1','2','4','5','6','7','8','9','10','12','13') AND `type` = 1 AND `status` = 1  [ RunTime:0.0000s ]
SQL: SHOW COLUMNS FROM `atop_notice` [ RunTime:0.0140s ]
SQL: SELECT COUNT(*) AS tp_count FROM `atop_notice` WHERE `who` = 70 AND `status` = 0 LIMIT 1   [ RunTime:0.0010s ]
INFO: [ app_end ] --START--
INFO: Run Behavior\ShowPageTraceBehavior [ RunTime:0.000000s ]
INFO: [ app_end ] --END-- [ RunTime:0.001000s ]

[ 2017-03-14T17:55:27+08:00 ] 192.168.0.106 /index.php/Home/Notice/getNotice
INFO: [ app_init ] --START--
INFO: Run Behavior\BuildLiteBehavior [ RunTime:0.000000s ]
INFO: [ app_init ] --END-- [ RunTime:0.001001s ]
INFO: [ app_begin ] --START--
INFO: Run Behavior\ReadHtmlCacheBehavior [ RunTime:0.001000s ]
INFO: [ app_begin ] --END-- [ RunTime:0.001000s ]
SQL: SHOW COLUMNS FROM `atop_user` [ RunTime:0.0010s ]
SQL: SELECT `face`,`theme`,`state` FROM `atop_user` WHERE `id` = 70 LIMIT 1   [ RunTime:0.0010s ]
SQL: SHOW COLUMNS FROM `atop_auth_group_access` [ RunTime:0.0010s ]
SQL: SELECT `uid`,`group_id`,`title`,`rules` FROM atop_auth_group_access a INNER JOIN atop_auth_group g on a.group_id=g.id  WHERE ( a.uid='70' and g.status='1' )  [ RunTime:0.0010s ]
SQL: SHOW COLUMNS FROM `atop_auth_rule` [ RunTime:0.0000s ]
SQL: SELECT `condition`,`name` FROM `atop_auth_rule` WHERE `id` IN ('1','2','4','5','6','7','8','9','10','12','13') AND `type` = 1 AND `status` = 1  [ RunTime:0.0010s ]
SQL: SHOW COLUMNS FROM `atop_notice` [ RunTime:0.0010s ]
SQL: SELECT COUNT(*) AS tp_count FROM `atop_notice` WHERE `who` = 70 AND `status` = 0 LIMIT 1   [ RunTime:0.0000s ]
INFO: [ app_end ] --START--
INFO: Run Behavior\ShowPageTraceBehavior [ RunTime:0.001000s ]
INFO: [ app_end ] --END-- [ RunTime:0.001000s ]

[ 2017-03-14T17:56:27+08:00 ] 192.168.0.106 /index.php/Home/Notice/getNotice
INFO: [ app_init ] --START--
INFO: Run Behavior\BuildLiteBehavior [ RunTime:0.000000s ]
INFO: [ app_init ] --END-- [ RunTime:0.002000s ]
INFO: [ app_begin ] --START--
INFO: Run Behavior\ReadHtmlCacheBehavior [ RunTime:0.003000s ]
INFO: [ app_begin ] --END-- [ RunTime:0.003000s ]
SQL: SHOW COLUMNS FROM `atop_user` [ RunTime:0.0010s ]
SQL: SELECT `face`,`theme`,`state` FROM `atop_user` WHERE `id` = 70 LIMIT 1   [ RunTime:0.0010s ]
SQL: SHOW COLUMNS FROM `atop_auth_group_access` [ RunTime:0.0000s ]
SQL: SELECT `uid`,`group_id`,`title`,`rules` FROM atop_auth_group_access a INNER JOIN atop_auth_group g on a.group_id=g.id  WHERE ( a.uid='70' and g.status='1' )  [ RunTime:0.0000s ]
SQL: SHOW COLUMNS FROM `atop_auth_rule` [ RunTime:0.0010s ]
SQL: SELECT `condition`,`name` FROM `atop_auth_rule` WHERE `id` IN ('1','2','4','5','6','7','8','9','10','12','13') AND `type` = 1 AND `status` = 1  [ RunTime:0.0000s ]
SQL: SHOW COLUMNS FROM `atop_notice` [ RunTime:0.0010s ]
SQL: SELECT COUNT(*) AS tp_count FROM `atop_notice` WHERE `who` = 70 AND `status` = 0 LIMIT 1   [ RunTime:0.0010s ]
INFO: [ app_end ] --START--
INFO: Run Behavior\ShowPageTraceBehavior [ RunTime:0.001000s ]
INFO: [ app_end ] --END-- [ RunTime:0.001000s ]

[ 2017-03-14T17:57:27+08:00 ] 192.168.0.106 /index.php/Home/Notice/getNotice
INFO: [ app_init ] --START--
INFO: Run Behavior\BuildLiteBehavior [ RunTime:0.000000s ]
INFO: [ app_init ] --END-- [ RunTime:0.002001s ]
INFO: [ app_begin ] --START--
INFO: Run Behavior\ReadHtmlCacheBehavior [ RunTime:0.001000s ]
INFO: [ app_begin ] --END-- [ RunTime:0.001000s ]
SQL: SHOW COLUMNS FROM `atop_user` [ RunTime:0.0010s ]
SQL: SELECT `face`,`theme`,`state` FROM `atop_user` WHERE `id` = 70 LIMIT 1   [ RunTime:0.0000s ]
SQL: SHOW COLUMNS FROM `atop_auth_group_access` [ RunTime:0.0000s ]
SQL: SELECT `uid`,`group_id`,`title`,`rules` FROM atop_auth_group_access a INNER JOIN atop_auth_group g on a.group_id=g.id  WHERE ( a.uid='70' and g.status='1' )  [ RunTime:0.0010s ]
SQL: SHOW COLUMNS FROM `atop_auth_rule` [ RunTime:0.0000s ]
SQL: SELECT `condition`,`name` FROM `atop_auth_rule` WHERE `id` IN ('1','2','4','5','6','7','8','9','10','12','13') AND `type` = 1 AND `status` = 1  [ RunTime:0.0000s ]
SQL: SHOW COLUMNS FROM `atop_notice` [ RunTime:0.0000s ]
SQL: SELECT COUNT(*) AS tp_count FROM `atop_notice` WHERE `who` = 70 AND `status` = 0 LIMIT 1   [ RunTime:0.0000s ]
INFO: [ app_end ] --START--
INFO: Run Behavior\ShowPageTraceBehavior [ RunTime:0.000000s ]
INFO: [ app_end ] --END-- [ RunTime:0.001000s ]

